2024-05-22 16:20:09 DEBUG BasicClientConnectionManager:161 - Get connection for route {s}->https://reqres.in:443
2024-05-22 16:20:09 DEBUG DefaultClientConnectionOperator:177 - Connecting to reqres.in:443
2024-05-22 16:20:09 DEBUG RequestAddCookies:123 - CookieSpec selected: ignoreCookies
2024-05-22 16:20:09 DEBUG RequestAuthCache:77 - Auth cache not set in the context
2024-05-22 16:20:09 DEBUG RequestTargetAuthentication:80 - Target auth state: UNCHALLENGED
2024-05-22 16:20:09 DEBUG RequestProxyAuthentication:89 - Proxy auth state: UNCHALLENGED
2024-05-22 16:20:09 DEBUG DefaultHttpClient:677 - Attempt 1 to execute request
2024-05-22 16:20:09 DEBUG DefaultClientConnection:274 - Sending request: POST /api/users HTTP/1.1
2024-05-22 16:20:09 DEBUG wire:73 -  >> "POST /api/users HTTP/1.1[\r][\n]"
2024-05-22 16:20:09 DEBUG wire:73 -  >> "Accept: */*[\r][\n]"
2024-05-22 16:20:09 DEBUG wire:73 -  >> "Content-Type: text/plain; charset=ISO-8859-1[\r][\n]"
2024-05-22 16:20:09 DEBUG wire:73 -  >> "Content-Length: 39[\r][\n]"
2024-05-22 16:20:09 DEBUG wire:73 -  >> "Host: reqres.in[\r][\n]"
2024-05-22 16:20:09 DEBUG wire:73 -  >> "Connection: Keep-Alive[\r][\n]"
2024-05-22 16:20:09 DEBUG wire:73 -  >> "User-Agent: Apache-HttpClient/4.5.13 (Java/17.0.6)[\r][\n]"
2024-05-22 16:20:09 DEBUG wire:73 -  >> "Accept-Encoding: gzip,deflate[\r][\n]"
2024-05-22 16:20:09 DEBUG wire:73 -  >> "[\r][\n]"
2024-05-22 16:20:09 DEBUG headers:278 - >> POST /api/users HTTP/1.1
2024-05-22 16:20:09 DEBUG headers:281 - >> Accept: */*
2024-05-22 16:20:09 DEBUG headers:281 - >> Content-Type: text/plain; charset=ISO-8859-1
2024-05-22 16:20:09 DEBUG headers:281 - >> Content-Length: 39
2024-05-22 16:20:09 DEBUG headers:281 - >> Host: reqres.in
2024-05-22 16:20:09 DEBUG headers:281 - >> Connection: Keep-Alive
2024-05-22 16:20:09 DEBUG headers:281 - >> User-Agent: Apache-HttpClient/4.5.13 (Java/17.0.6)
2024-05-22 16:20:09 DEBUG headers:281 - >> Accept-Encoding: gzip,deflate
2024-05-22 16:20:09 DEBUG wire:73 -  >> ""name": "ayush",[\r][\n]"
2024-05-22 16:20:09 DEBUG wire:87 -  >> "    "job": "producer""
2024-05-22 16:20:10 DEBUG wire:73 -  << "HTTP/1.1 201 Created[\r][\n]"
2024-05-22 16:20:10 DEBUG wire:73 -  << "Date: Wed, 22 May 2024 10:50:10 GMT[\r][\n]"
2024-05-22 16:20:10 DEBUG wire:73 -  << "Content-Type: application/json; charset=utf-8[\r][\n]"
2024-05-22 16:20:10 DEBUG wire:73 -  << "Content-Length: 51[\r][\n]"
2024-05-22 16:20:10 DEBUG wire:73 -  << "Connection: keep-alive[\r][\n]"
2024-05-22 16:20:10 DEBUG wire:73 -  << "Report-To: {"group":"heroku-nel","max_age":3600,"endpoints":[{"url":"https://nel.heroku.com/reports?ts=1716375010&sid=c4c9725f-1ab0-44d8-820f-430df2718e11&s=9es4sR1ygbhm14hvtueGINevCCy92qXKLLER%2BdO7LjM%3D"}]}[\r][\n]"
2024-05-22 16:20:10 DEBUG wire:73 -  << "Reporting-Endpoints: heroku-nel=https://nel.heroku.com/reports?ts=1716375010&sid=c4c9725f-1ab0-44d8-820f-430df2718e11&s=9es4sR1ygbhm14hvtueGINevCCy92qXKLLER%2BdO7LjM%3D[\r][\n]"
2024-05-22 16:20:10 DEBUG wire:73 -  << "Nel: {"report_to":"heroku-nel","max_age":3600,"success_fraction":0.005,"failure_fraction":0.05,"response_headers":["Via"]}[\r][\n]"
2024-05-22 16:20:10 DEBUG wire:73 -  << "X-Powered-By: Express[\r][\n]"
2024-05-22 16:20:10 DEBUG wire:73 -  << "Access-Control-Allow-Origin: *[\r][\n]"
2024-05-22 16:20:10 DEBUG wire:73 -  << "Etag: W/"33-HPl0RjcY2/lTrnaKx+nCW5Xqhi8"[\r][\n]"
2024-05-22 16:20:10 DEBUG wire:73 -  << "Via: 1.1 vegur[\r][\n]"
2024-05-22 16:20:10 DEBUG wire:73 -  << "CF-Cache-Status: DYNAMIC[\r][\n]"
2024-05-22 16:20:10 DEBUG wire:73 -  << "Server: cloudflare[\r][\n]"
2024-05-22 16:20:10 DEBUG wire:73 -  << "CF-RAY: 887c3e669eda5495-DEL[\r][\n]"
2024-05-22 16:20:10 DEBUG wire:73 -  << "[\r][\n]"
2024-05-22 16:20:10 DEBUG DefaultClientConnection:259 - Receiving response: HTTP/1.1 201 Created
2024-05-22 16:20:10 DEBUG headers:262 - << HTTP/1.1 201 Created
2024-05-22 16:20:10 DEBUG headers:265 - << Date: Wed, 22 May 2024 10:50:10 GMT
2024-05-22 16:20:10 DEBUG headers:265 - << Content-Type: application/json; charset=utf-8
2024-05-22 16:20:10 DEBUG headers:265 - << Content-Length: 51
2024-05-22 16:20:10 DEBUG headers:265 - << Connection: keep-alive
2024-05-22 16:20:10 DEBUG headers:265 - << Report-To: {"group":"heroku-nel","max_age":3600,"endpoints":[{"url":"https://nel.heroku.com/reports?ts=1716375010&sid=c4c9725f-1ab0-44d8-820f-430df2718e11&s=9es4sR1ygbhm14hvtueGINevCCy92qXKLLER%2BdO7LjM%3D"}]}
2024-05-22 16:20:10 DEBUG headers:265 - << Reporting-Endpoints: heroku-nel=https://nel.heroku.com/reports?ts=1716375010&sid=c4c9725f-1ab0-44d8-820f-430df2718e11&s=9es4sR1ygbhm14hvtueGINevCCy92qXKLLER%2BdO7LjM%3D
2024-05-22 16:20:10 DEBUG headers:265 - << Nel: {"report_to":"heroku-nel","max_age":3600,"success_fraction":0.005,"failure_fraction":0.05,"response_headers":["Via"]}
2024-05-22 16:20:10 DEBUG headers:265 - << X-Powered-By: Express
2024-05-22 16:20:10 DEBUG headers:265 - << Access-Control-Allow-Origin: *
2024-05-22 16:20:10 DEBUG headers:265 - << Etag: W/"33-HPl0RjcY2/lTrnaKx+nCW5Xqhi8"
2024-05-22 16:20:10 DEBUG headers:265 - << Via: 1.1 vegur
2024-05-22 16:20:10 DEBUG headers:265 - << CF-Cache-Status: DYNAMIC
2024-05-22 16:20:10 DEBUG headers:265 - << Server: cloudflare
2024-05-22 16:20:10 DEBUG headers:265 - << CF-RAY: 887c3e669eda5495-DEL
2024-05-22 16:20:10 DEBUG DefaultHttpClient:504 - Connection can be kept alive indefinitely
2024-05-22 16:20:10 DEBUG RestAssuredHttpBuilder:553 - Parsing response as: application/json; charset=utf-8
2024-05-22 16:20:10 DEBUG RestAssuredHttpBuilder:556 - Parsed data to instance of: class org.apache.http.conn.EofSensorInputStream
2024-05-22 17:53:49 DEBUG BasicClientConnectionManager:161 - Get connection for route {s}->https://reqres.in:443
2024-05-22 17:53:49 DEBUG DefaultClientConnectionOperator:177 - Connecting to reqres.in:443
2024-05-22 17:53:49 DEBUG RequestAddCookies:123 - CookieSpec selected: ignoreCookies
2024-05-22 17:53:49 DEBUG RequestAuthCache:77 - Auth cache not set in the context
2024-05-22 17:53:49 DEBUG RequestTargetAuthentication:80 - Target auth state: UNCHALLENGED
2024-05-22 17:53:49 DEBUG RequestProxyAuthentication:89 - Proxy auth state: UNCHALLENGED
2024-05-22 17:53:49 DEBUG DefaultHttpClient:677 - Attempt 1 to execute request
2024-05-22 17:53:49 DEBUG DefaultClientConnection:274 - Sending request: GET /api/users?page=2 HTTP/1.1
2024-05-22 17:53:49 DEBUG wire:73 -  >> "GET /api/users?page=2 HTTP/1.1[\r][\n]"
2024-05-22 17:53:49 DEBUG wire:73 -  >> "Accept: */*[\r][\n]"
2024-05-22 17:53:49 DEBUG wire:73 -  >> "Host: reqres.in[\r][\n]"
2024-05-22 17:53:49 DEBUG wire:73 -  >> "Connection: Keep-Alive[\r][\n]"
2024-05-22 17:53:49 DEBUG wire:73 -  >> "User-Agent: Apache-HttpClient/4.5.13 (Java/17.0.6)[\r][\n]"
2024-05-22 17:53:49 DEBUG wire:73 -  >> "Accept-Encoding: gzip,deflate[\r][\n]"
2024-05-22 17:53:49 DEBUG wire:73 -  >> "[\r][\n]"
2024-05-22 17:53:49 DEBUG headers:278 - >> GET /api/users?page=2 HTTP/1.1
2024-05-22 17:53:49 DEBUG headers:281 - >> Accept: */*
2024-05-22 17:53:49 DEBUG headers:281 - >> Host: reqres.in
2024-05-22 17:53:49 DEBUG headers:281 - >> Connection: Keep-Alive
2024-05-22 17:53:49 DEBUG headers:281 - >> User-Agent: Apache-HttpClient/4.5.13 (Java/17.0.6)
2024-05-22 17:53:49 DEBUG headers:281 - >> Accept-Encoding: gzip,deflate
2024-05-22 17:53:49 DEBUG wire:73 -  << "HTTP/1.1 200 OK[\r][\n]"
2024-05-22 17:53:49 DEBUG wire:73 -  << "Date: Wed, 22 May 2024 12:23:50 GMT[\r][\n]"
2024-05-22 17:53:49 DEBUG wire:73 -  << "Content-Type: application/json; charset=utf-8[\r][\n]"
2024-05-22 17:53:49 DEBUG wire:73 -  << "Transfer-Encoding: chunked[\r][\n]"
2024-05-22 17:53:49 DEBUG wire:73 -  << "Connection: keep-alive[\r][\n]"
2024-05-22 17:53:49 DEBUG wire:73 -  << "Report-To: {"group":"heroku-nel","max_age":3600,"endpoints":[{"url":"https://nel.heroku.com/reports?ts=1716139606&sid=c4c9725f-1ab0-44d8-820f-430df2718e11&s=ePSq6PxW0hKtBsb6tl061k9%2BnshKmPn7CJpVlxVV1lY%3D"}]}[\r][\n]"
2024-05-22 17:53:49 DEBUG wire:73 -  << "Reporting-Endpoints: heroku-nel=https://nel.heroku.com/reports?ts=1716139606&sid=c4c9725f-1ab0-44d8-820f-430df2718e11&s=ePSq6PxW0hKtBsb6tl061k9%2BnshKmPn7CJpVlxVV1lY%3D[\r][\n]"
2024-05-22 17:53:49 DEBUG wire:73 -  << "Nel: {"report_to":"heroku-nel","max_age":3600,"success_fraction":0.005,"failure_fraction":0.05,"response_headers":["Via"]}[\r][\n]"
2024-05-22 17:53:49 DEBUG wire:73 -  << "X-Powered-By: Express[\r][\n]"
2024-05-22 17:53:49 DEBUG wire:73 -  << "Access-Control-Allow-Origin: *[\r][\n]"
2024-05-22 17:53:49 DEBUG wire:73 -  << "Etag: W/"406-ut0vzoCuidvyMf8arZpMpJ6ZRDw"[\r][\n]"
2024-05-22 17:53:49 DEBUG wire:73 -  << "Via: 1.1 vegur[\r][\n]"
2024-05-22 17:53:49 DEBUG wire:73 -  << "Cache-Control: max-age=14400[\r][\n]"
2024-05-22 17:53:49 DEBUG wire:73 -  << "CF-Cache-Status: HIT[\r][\n]"
2024-05-22 17:53:49 DEBUG wire:73 -  << "Age: 6655[\r][\n]"
2024-05-22 17:53:49 DEBUG wire:73 -  << "Vary: Accept-Encoding[\r][\n]"
2024-05-22 17:53:49 DEBUG wire:73 -  << "Server: cloudflare[\r][\n]"
2024-05-22 17:53:49 DEBUG wire:73 -  << "CF-RAY: 887cc79a686c8ae5-DEL[\r][\n]"
2024-05-22 17:53:49 DEBUG wire:73 -  << "Content-Encoding: gzip[\r][\n]"
2024-05-22 17:53:49 DEBUG wire:73 -  << "[\r][\n]"
2024-05-22 17:53:49 DEBUG DefaultClientConnection:259 - Receiving response: HTTP/1.1 200 OK
2024-05-22 17:53:49 DEBUG headers:262 - << HTTP/1.1 200 OK
2024-05-22 17:53:49 DEBUG headers:265 - << Date: Wed, 22 May 2024 12:23:50 GMT
2024-05-22 17:53:49 DEBUG headers:265 - << Content-Type: application/json; charset=utf-8
2024-05-22 17:53:49 DEBUG headers:265 - << Transfer-Encoding: chunked
2024-05-22 17:53:49 DEBUG headers:265 - << Connection: keep-alive
2024-05-22 17:53:49 DEBUG headers:265 - << Report-To: {"group":"heroku-nel","max_age":3600,"endpoints":[{"url":"https://nel.heroku.com/reports?ts=1716139606&sid=c4c9725f-1ab0-44d8-820f-430df2718e11&s=ePSq6PxW0hKtBsb6tl061k9%2BnshKmPn7CJpVlxVV1lY%3D"}]}
2024-05-22 17:53:49 DEBUG headers:265 - << Reporting-Endpoints: heroku-nel=https://nel.heroku.com/reports?ts=1716139606&sid=c4c9725f-1ab0-44d8-820f-430df2718e11&s=ePSq6PxW0hKtBsb6tl061k9%2BnshKmPn7CJpVlxVV1lY%3D
2024-05-22 17:53:49 DEBUG headers:265 - << Nel: {"report_to":"heroku-nel","max_age":3600,"success_fraction":0.005,"failure_fraction":0.05,"response_headers":["Via"]}
2024-05-22 17:53:49 DEBUG headers:265 - << X-Powered-By: Express
2024-05-22 17:53:49 DEBUG headers:265 - << Access-Control-Allow-Origin: *
2024-05-22 17:53:49 DEBUG headers:265 - << Etag: W/"406-ut0vzoCuidvyMf8arZpMpJ6ZRDw"
2024-05-22 17:53:49 DEBUG headers:265 - << Via: 1.1 vegur
2024-05-22 17:53:49 DEBUG headers:265 - << Cache-Control: max-age=14400
2024-05-22 17:53:49 DEBUG headers:265 - << CF-Cache-Status: HIT
2024-05-22 17:53:49 DEBUG headers:265 - << Age: 6655
2024-05-22 17:53:49 DEBUG headers:265 - << Vary: Accept-Encoding
2024-05-22 17:53:49 DEBUG headers:265 - << Server: cloudflare
2024-05-22 17:53:49 DEBUG headers:265 - << CF-RAY: 887cc79a686c8ae5-DEL
2024-05-22 17:53:49 DEBUG headers:265 - << Content-Encoding: gzip
2024-05-22 17:53:49 DEBUG DefaultHttpClient:504 - Connection can be kept alive indefinitely
2024-05-22 17:53:49 DEBUG RestAssuredHttpBuilder:553 - Parsing response as: application/json; charset=utf-8
2024-05-22 17:53:49 DEBUG wire:73 -  << "17b[\r][\n]"
2024-05-22 17:53:49 DEBUG wire:73 -  << "[0x1f][0x8b][0x8][0x0][0x0][0x0][0x0][0x0][0x0][0x3][0x8d][0xd2][0xcd]n[0xa3]0[0x14][0x86][0xe1][q[0xcf]l](Y[0xf4][0xc7][0xab][0xaa][0xd2][0xcc]t[0xd1]n[0xa2][0xd9]U[0xa3][0xea][0x4][0xe][0xe0][0xd6][0xd8][0xee][0xb1]i[0xa6][0x8a]r[0xef]UM4T[0x88]D[0xec][0x0][0xbf][0x1f]z[0x84][0xd8][0x81][0xc7][0x86]@[0xad]$x[0xe2][0xe7][0xe1][0xe6]RBt[0x11][\r][0xa8]bu[0xb8]L'!u[0x15]F[0x4][0xf5][0xb4][0x3]][0x81][0xba][0x92]@[0x1d]j[0x3][\n]"
2024-05-22 17:53:49 DEBUG wire:73 -  << ":][0xb6]H&3[0xb8][\r][0xce][0xde]2[0xbd]1[0x85]L[[0x90]Pk[0xe][0xf1][0xd9]bG[0xa0][0xe0]q[0xe8]@[0x82][0xc1][0xf1][0xe9]CZ[0x81][0x4]|[0xc7][0x88][0xc][\n]"
2024-05-22 17:53:49 DEBUG wire:87 -  << "[0xda][0x18]}Py[0xfe][0xff]E[0xb9][0xee][0x9a][0xbc][0xc6][0x92]B~u[0xae];l({[0xf1][\r][0xec][0xe5]@[0xb9][0x1e])F[0xdb]*[0xe0]GV[0x13]7[0xfd]I[0xcc][0xc3]PN0[0xbf][0xe][0xbb][0xa5][0x9c][0xeb][0x19][0xce][0xcd][0xc8][0x89]n[0xa3]1duo_[0xe9]8[0xe5]O[0xaa][0xa6][0x92][0xaf][0xcd]R[0xc6][0xcd][0xc][0xa3][0xb8][0x18][0x1d][0x9b][0xf]v6[0xab]5[0x99]*[0x1c]w[0xdc]}USF[0xda],u[0x14][0x17]s[0x90]b[0x84]4[0xe4][0xb8][0xa1][0x8c][0xaa]-[0xf2])[0xca][0xef][0xd4]M,?[0x87][0xd5]bL1[0x87]Y[0x8d][0x18][0xc6][0xb2]%[0x93][0xb5]nK[0xc6][0x1c][0xb7][0xac]S6[0xb1][0xdc][0xa7][0xd1]b[0xca][0xea];[0xe5][0xaf][0x84][0xd0]{[0xef]8[0x82][0xda]A[0xcf]fv[0xfd][0xe3][0xd0][0x9c][0xb7][0x84][0x95][0xb6][\r]H[0x88][0xf4]/[0xa6][0xff]E[0xbc][0x12]y[0xb1][0xa6][0xb7]5[0x5]Q3[0x91][0x14][0xa5][0xb3][0x91][0xf5][0xa6][0x8f][0xda][0xd9] [0xa2]K[0x9f]J[0x4][0xe2]wbQ[0xba][0x10][0x83]@&[0x81][0xde]3[0x95][0x1a]#Ug[0xb0][0xdf][0x2][0xf6][0x16][0x88]W[0x6][0x4][0x0][0x0]"
2024-05-22 17:53:49 DEBUG wire:73 -  << "[\r][\n]"
2024-05-22 17:53:49 DEBUG wire:73 -  << "0[\r][\n]"
2024-05-22 17:53:49 DEBUG wire:73 -  << "[\r][\n]"
2024-05-22 17:53:49 DEBUG RestAssuredHttpBuilder:556 - Parsed data to instance of: class org.apache.http.conn.EofSensorInputStream
2024-05-22 17:53:49 DEBUG BasicClientConnectionManager:200 - Releasing connection org.apache.http.impl.conn.ManagedClientConnectionImpl@3fba233d
2024-05-22 17:53:49 DEBUG BasicClientConnectionManager:225 - Connection can be kept alive indefinitely
2024-05-22 17:53:49 DEBUG GetRequest:30 - 200
2024-05-22 17:53:49 DEBUG GetRequest:38 - 200
2024-05-22 17:53:49 DEBUG BasicClientConnectionManager:161 - Get connection for route {s}->https://reqres.in:443
2024-05-22 17:53:49 DEBUG DefaultClientConnectionOperator:177 - Connecting to reqres.in:443
2024-05-22 17:53:49 DEBUG RequestAddCookies:123 - CookieSpec selected: ignoreCookies
2024-05-22 17:53:49 DEBUG RequestAuthCache:77 - Auth cache not set in the context
2024-05-22 17:53:49 DEBUG RequestTargetAuthentication:80 - Target auth state: UNCHALLENGED
2024-05-22 17:53:49 DEBUG RequestProxyAuthentication:89 - Proxy auth state: UNCHALLENGED
2024-05-22 17:53:49 DEBUG DefaultHttpClient:677 - Attempt 1 to execute request
2024-05-22 17:53:49 DEBUG DefaultClientConnection:274 - Sending request: POST /api/users HTTP/1.1
2024-05-22 17:53:49 DEBUG wire:73 -  >> "POST /api/users HTTP/1.1[\r][\n]"
2024-05-22 17:53:49 DEBUG wire:73 -  >> "Accept: */*[\r][\n]"
2024-05-22 17:53:49 DEBUG wire:73 -  >> "Content-Type: text/plain; charset=ISO-8859-1[\r][\n]"
2024-05-22 17:53:49 DEBUG wire:73 -  >> "Content-Length: 39[\r][\n]"
2024-05-22 17:53:49 DEBUG wire:73 -  >> "Host: reqres.in[\r][\n]"
2024-05-22 17:53:49 DEBUG wire:73 -  >> "Connection: Keep-Alive[\r][\n]"
2024-05-22 17:53:49 DEBUG wire:73 -  >> "User-Agent: Apache-HttpClient/4.5.13 (Java/17.0.6)[\r][\n]"
2024-05-22 17:53:49 DEBUG wire:73 -  >> "Accept-Encoding: gzip,deflate[\r][\n]"
2024-05-22 17:53:49 DEBUG wire:73 -  >> "[\r][\n]"
2024-05-22 17:53:49 DEBUG headers:278 - >> POST /api/users HTTP/1.1
2024-05-22 17:53:49 DEBUG headers:281 - >> Accept: */*
2024-05-22 17:53:49 DEBUG headers:281 - >> Content-Type: text/plain; charset=ISO-8859-1
2024-05-22 17:53:49 DEBUG headers:281 - >> Content-Length: 39
2024-05-22 17:53:49 DEBUG headers:281 - >> Host: reqres.in
2024-05-22 17:53:49 DEBUG headers:281 - >> Connection: Keep-Alive
2024-05-22 17:53:49 DEBUG headers:281 - >> User-Agent: Apache-HttpClient/4.5.13 (Java/17.0.6)
2024-05-22 17:53:49 DEBUG headers:281 - >> Accept-Encoding: gzip,deflate
2024-05-22 17:53:49 DEBUG wire:73 -  >> ""name": "ayush",[\r][\n]"
2024-05-22 17:53:49 DEBUG wire:87 -  >> "    "job": "producer""
2024-05-22 17:53:49 DEBUG wire:73 -  << "HTTP/1.1 201 Created[\r][\n]"
2024-05-22 17:53:49 DEBUG wire:73 -  << "Date: Wed, 22 May 2024 12:23:50 GMT[\r][\n]"
2024-05-22 17:53:49 DEBUG wire:73 -  << "Content-Type: application/json; charset=utf-8[\r][\n]"
2024-05-22 17:53:49 DEBUG wire:73 -  << "Content-Length: 51[\r][\n]"
2024-05-22 17:53:49 DEBUG wire:73 -  << "Connection: keep-alive[\r][\n]"
2024-05-22 17:53:49 DEBUG wire:73 -  << "Report-To: {"group":"heroku-nel","max_age":3600,"endpoints":[{"url":"https://nel.heroku.com/reports?ts=1716380630&sid=c4c9725f-1ab0-44d8-820f-430df2718e11&s=wtKl2Bh6sqcvYoJ7ohTi21oV7IzwkIXqT1qUzPQ0H%2BQ%3D"}]}[\r][\n]"
2024-05-22 17:53:49 DEBUG wire:73 -  << "Reporting-Endpoints: heroku-nel=https://nel.heroku.com/reports?ts=1716380630&sid=c4c9725f-1ab0-44d8-820f-430df2718e11&s=wtKl2Bh6sqcvYoJ7ohTi21oV7IzwkIXqT1qUzPQ0H%2BQ%3D[\r][\n]"
2024-05-22 17:53:49 DEBUG wire:73 -  << "Nel: {"report_to":"heroku-nel","max_age":3600,"success_fraction":0.005,"failure_fraction":0.05,"response_headers":["Via"]}[\r][\n]"
2024-05-22 17:53:49 DEBUG wire:73 -  << "X-Powered-By: Express[\r][\n]"
2024-05-22 17:53:49 DEBUG wire:73 -  << "Access-Control-Allow-Origin: *[\r][\n]"
2024-05-22 17:53:49 DEBUG wire:73 -  << "Etag: W/"33-AZmLMBogs13dIpDXQzUN7tczTXs"[\r][\n]"
2024-05-22 17:53:49 DEBUG wire:73 -  << "Via: 1.1 vegur[\r][\n]"
2024-05-22 17:53:49 DEBUG wire:73 -  << "CF-Cache-Status: DYNAMIC[\r][\n]"
2024-05-22 17:53:49 DEBUG wire:73 -  << "Server: cloudflare[\r][\n]"
2024-05-22 17:53:49 DEBUG wire:73 -  << "CF-RAY: 887cc79b8d035969-DEL[\r][\n]"
2024-05-22 17:53:49 DEBUG wire:73 -  << "[\r][\n]"
2024-05-22 17:53:49 DEBUG DefaultClientConnection:259 - Receiving response: HTTP/1.1 201 Created
2024-05-22 17:53:49 DEBUG headers:262 - << HTTP/1.1 201 Created
2024-05-22 17:53:49 DEBUG headers:265 - << Date: Wed, 22 May 2024 12:23:50 GMT
2024-05-22 17:53:49 DEBUG headers:265 - << Content-Type: application/json; charset=utf-8
2024-05-22 17:53:49 DEBUG headers:265 - << Content-Length: 51
2024-05-22 17:53:49 DEBUG headers:265 - << Connection: keep-alive
2024-05-22 17:53:49 DEBUG headers:265 - << Report-To: {"group":"heroku-nel","max_age":3600,"endpoints":[{"url":"https://nel.heroku.com/reports?ts=1716380630&sid=c4c9725f-1ab0-44d8-820f-430df2718e11&s=wtKl2Bh6sqcvYoJ7ohTi21oV7IzwkIXqT1qUzPQ0H%2BQ%3D"}]}
2024-05-22 17:53:49 DEBUG headers:265 - << Reporting-Endpoints: heroku-nel=https://nel.heroku.com/reports?ts=1716380630&sid=c4c9725f-1ab0-44d8-820f-430df2718e11&s=wtKl2Bh6sqcvYoJ7ohTi21oV7IzwkIXqT1qUzPQ0H%2BQ%3D
2024-05-22 17:53:49 DEBUG headers:265 - << Nel: {"report_to":"heroku-nel","max_age":3600,"success_fraction":0.005,"failure_fraction":0.05,"response_headers":["Via"]}
2024-05-22 17:53:49 DEBUG headers:265 - << X-Powered-By: Express
2024-05-22 17:53:49 DEBUG headers:265 - << Access-Control-Allow-Origin: *
2024-05-22 17:53:49 DEBUG headers:265 - << Etag: W/"33-AZmLMBogs13dIpDXQzUN7tczTXs"
2024-05-22 17:53:49 DEBUG headers:265 - << Via: 1.1 vegur
2024-05-22 17:53:49 DEBUG headers:265 - << CF-Cache-Status: DYNAMIC
2024-05-22 17:53:49 DEBUG headers:265 - << Server: cloudflare
2024-05-22 17:53:49 DEBUG headers:265 - << CF-RAY: 887cc79b8d035969-DEL
2024-05-22 17:53:49 DEBUG DefaultHttpClient:504 - Connection can be kept alive indefinitely
2024-05-22 17:53:49 DEBUG RestAssuredHttpBuilder:553 - Parsing response as: application/json; charset=utf-8
2024-05-22 17:53:49 DEBUG RestAssuredHttpBuilder:556 - Parsed data to instance of: class org.apache.http.conn.EofSensorInputStream
2024-05-22 17:53:49 INFO  GetRequest:63 - 201
2024-05-22 17:55:23 DEBUG BasicClientConnectionManager:161 - Get connection for route {s}->https://reqres.in:443
2024-05-22 17:55:23 DEBUG DefaultClientConnectionOperator:177 - Connecting to reqres.in:443
2024-05-22 17:55:23 DEBUG RequestAddCookies:123 - CookieSpec selected: ignoreCookies
2024-05-22 17:55:23 DEBUG RequestAuthCache:77 - Auth cache not set in the context
2024-05-22 17:55:23 DEBUG RequestTargetAuthentication:80 - Target auth state: UNCHALLENGED
2024-05-22 17:55:23 DEBUG RequestProxyAuthentication:89 - Proxy auth state: UNCHALLENGED
2024-05-22 17:55:23 DEBUG DefaultHttpClient:677 - Attempt 1 to execute request
2024-05-22 17:55:23 DEBUG DefaultClientConnection:274 - Sending request: GET /api/users?page=2 HTTP/1.1
2024-05-22 17:55:23 DEBUG wire:73 -  >> "GET /api/users?page=2 HTTP/1.1[\r][\n]"
2024-05-22 17:55:23 DEBUG wire:73 -  >> "Accept: */*[\r][\n]"
2024-05-22 17:55:23 DEBUG wire:73 -  >> "Host: reqres.in[\r][\n]"
2024-05-22 17:55:23 DEBUG wire:73 -  >> "Connection: Keep-Alive[\r][\n]"
2024-05-22 17:55:23 DEBUG wire:73 -  >> "User-Agent: Apache-HttpClient/4.5.13 (Java/17.0.6)[\r][\n]"
2024-05-22 17:55:23 DEBUG wire:73 -  >> "Accept-Encoding: gzip,deflate[\r][\n]"
2024-05-22 17:55:23 DEBUG wire:73 -  >> "[\r][\n]"
2024-05-22 17:55:23 DEBUG headers:278 - >> GET /api/users?page=2 HTTP/1.1
2024-05-22 17:55:23 DEBUG headers:281 - >> Accept: */*
2024-05-22 17:55:23 DEBUG headers:281 - >> Host: reqres.in
2024-05-22 17:55:23 DEBUG headers:281 - >> Connection: Keep-Alive
2024-05-22 17:55:23 DEBUG headers:281 - >> User-Agent: Apache-HttpClient/4.5.13 (Java/17.0.6)
2024-05-22 17:55:23 DEBUG headers:281 - >> Accept-Encoding: gzip,deflate
2024-05-22 17:55:23 DEBUG wire:73 -  << "HTTP/1.1 200 OK[\r][\n]"
2024-05-22 17:55:23 DEBUG wire:73 -  << "Date: Wed, 22 May 2024 12:25:24 GMT[\r][\n]"
2024-05-22 17:55:23 DEBUG wire:73 -  << "Content-Type: application/json; charset=utf-8[\r][\n]"
2024-05-22 17:55:23 DEBUG wire:73 -  << "Transfer-Encoding: chunked[\r][\n]"
2024-05-22 17:55:23 DEBUG wire:73 -  << "Connection: keep-alive[\r][\n]"
2024-05-22 17:55:23 DEBUG wire:73 -  << "Report-To: {"group":"heroku-nel","max_age":3600,"endpoints":[{"url":"https://nel.heroku.com/reports?ts=1716139606&sid=c4c9725f-1ab0-44d8-820f-430df2718e11&s=ePSq6PxW0hKtBsb6tl061k9%2BnshKmPn7CJpVlxVV1lY%3D"}]}[\r][\n]"
2024-05-22 17:55:23 DEBUG wire:73 -  << "Reporting-Endpoints: heroku-nel=https://nel.heroku.com/reports?ts=1716139606&sid=c4c9725f-1ab0-44d8-820f-430df2718e11&s=ePSq6PxW0hKtBsb6tl061k9%2BnshKmPn7CJpVlxVV1lY%3D[\r][\n]"
2024-05-22 17:55:23 DEBUG wire:73 -  << "Nel: {"report_to":"heroku-nel","max_age":3600,"success_fraction":0.005,"failure_fraction":0.05,"response_headers":["Via"]}[\r][\n]"
2024-05-22 17:55:23 DEBUG wire:73 -  << "X-Powered-By: Express[\r][\n]"
2024-05-22 17:55:23 DEBUG wire:73 -  << "Access-Control-Allow-Origin: *[\r][\n]"
2024-05-22 17:55:23 DEBUG wire:73 -  << "Etag: W/"406-ut0vzoCuidvyMf8arZpMpJ6ZRDw"[\r][\n]"
2024-05-22 17:55:23 DEBUG wire:73 -  << "Via: 1.1 vegur[\r][\n]"
2024-05-22 17:55:23 DEBUG wire:73 -  << "Cache-Control: max-age=14400[\r][\n]"
2024-05-22 17:55:23 DEBUG wire:73 -  << "CF-Cache-Status: HIT[\r][\n]"
2024-05-22 17:55:23 DEBUG wire:73 -  << "Age: 6749[\r][\n]"
2024-05-22 17:55:23 DEBUG wire:73 -  << "Vary: Accept-Encoding[\r][\n]"
2024-05-22 17:55:23 DEBUG wire:73 -  << "Server: cloudflare[\r][\n]"
2024-05-22 17:55:23 DEBUG wire:73 -  << "CF-RAY: 887cc9e6699e59ff-DEL[\r][\n]"
2024-05-22 17:55:23 DEBUG wire:73 -  << "Content-Encoding: gzip[\r][\n]"
2024-05-22 17:55:23 DEBUG wire:73 -  << "[\r][\n]"
2024-05-22 17:55:23 DEBUG DefaultClientConnection:259 - Receiving response: HTTP/1.1 200 OK
2024-05-22 17:55:23 DEBUG headers:262 - << HTTP/1.1 200 OK
2024-05-22 17:55:23 DEBUG headers:265 - << Date: Wed, 22 May 2024 12:25:24 GMT
2024-05-22 17:55:23 DEBUG headers:265 - << Content-Type: application/json; charset=utf-8
2024-05-22 17:55:23 DEBUG headers:265 - << Transfer-Encoding: chunked
2024-05-22 17:55:23 DEBUG headers:265 - << Connection: keep-alive
2024-05-22 17:55:23 DEBUG headers:265 - << Report-To: {"group":"heroku-nel","max_age":3600,"endpoints":[{"url":"https://nel.heroku.com/reports?ts=1716139606&sid=c4c9725f-1ab0-44d8-820f-430df2718e11&s=ePSq6PxW0hKtBsb6tl061k9%2BnshKmPn7CJpVlxVV1lY%3D"}]}
2024-05-22 17:55:23 DEBUG headers:265 - << Reporting-Endpoints: heroku-nel=https://nel.heroku.com/reports?ts=1716139606&sid=c4c9725f-1ab0-44d8-820f-430df2718e11&s=ePSq6PxW0hKtBsb6tl061k9%2BnshKmPn7CJpVlxVV1lY%3D
2024-05-22 17:55:23 DEBUG headers:265 - << Nel: {"report_to":"heroku-nel","max_age":3600,"success_fraction":0.005,"failure_fraction":0.05,"response_headers":["Via"]}
2024-05-22 17:55:23 DEBUG headers:265 - << X-Powered-By: Express
2024-05-22 17:55:23 DEBUG headers:265 - << Access-Control-Allow-Origin: *
2024-05-22 17:55:23 DEBUG headers:265 - << Etag: W/"406-ut0vzoCuidvyMf8arZpMpJ6ZRDw"
2024-05-22 17:55:23 DEBUG headers:265 - << Via: 1.1 vegur
2024-05-22 17:55:23 DEBUG headers:265 - << Cache-Control: max-age=14400
2024-05-22 17:55:23 DEBUG headers:265 - << CF-Cache-Status: HIT
2024-05-22 17:55:23 DEBUG headers:265 - << Age: 6749
2024-05-22 17:55:23 DEBUG headers:265 - << Vary: Accept-Encoding
2024-05-22 17:55:23 DEBUG headers:265 - << Server: cloudflare
2024-05-22 17:55:23 DEBUG headers:265 - << CF-RAY: 887cc9e6699e59ff-DEL
2024-05-22 17:55:23 DEBUG headers:265 - << Content-Encoding: gzip
2024-05-22 17:55:23 DEBUG DefaultHttpClient:504 - Connection can be kept alive indefinitely
2024-05-22 17:55:23 DEBUG RestAssuredHttpBuilder:553 - Parsing response as: application/json; charset=utf-8
2024-05-22 17:55:23 DEBUG wire:73 -  << "17b[\r][\n]"
2024-05-22 17:55:23 DEBUG wire:73 -  << "[0x1f][0x8b][0x8][0x0][0x0][0x0][0x0][0x0][0x0][0x3][0x8d][0xd2][0xcd]n[0xa3]0[0x14][0x86][0xe1][q[0xcf]l](Y[0xf4][0xc7][0xab][0xaa][0xd2][0xcc]t[0xd1]n[0xa2][0xd9]U[0xa3][0xea][0x4][0xe][0xe0][0xd6][0xd8][0xee][0xb1]i[0xa6][0x8a]r[0xef]UM4T[0x88]D[0xec][0x0][0xbf][0x1f]z[0x84][0xd8][0x81][0xc7][0x86]@[0xad]$x[0xe2][0xe7][0xe1][0xe6]RBt[0x11][\r][0xa8]bu[0xb8]L'!u[0x15]F[0x4][0xf5][0xb4][0x3]][0x81][0xba][0x92]@[0x1d]j[0x3][\n]"
2024-05-22 17:55:23 DEBUG wire:73 -  << ":][0xb6]H&3[0xb8][\r][0xce][0xde]2[0xbd]1[0x85]L[[0x90]Pk[0xe][0xf1][0xd9]bG[0xa0][0xe0]q[0xe8]@[0x82][0xc1][0xf1][0xe9]CZ[0x81][0x4]|[0xc7][0x88][0xc][\n]"
2024-05-22 17:55:23 DEBUG wire:87 -  << "[0xda][0x18]}Py[0xfe][0xff]E[0xb9][0xee][0x9a][0xbc][0xc6][0x92]B~u[0xae];l({[0xf1][\r][0xec][0xe5]@[0xb9][0x1e])F[0xdb]*[0xe0]GV[0x13]7[0xfd]I[0xcc][0xc3]PN0[0xbf][0xe][0xbb][0xa5][0x9c][0xeb][0x19][0xce][0xcd][0xc8][0x89]n[0xa3]1duo_[0xe9]8[0xe5]O[0xaa][0xa6][0x92][0xaf][0xcd]R[0xc6][0xcd][0xc][0xa3][0xb8][0x18][0x1d][0x9b][0xf]v6[0xab]5[0x99]*[0x1c]w[0xdc]}USF[0xda],u[0x14][0x17]s[0x90]b[0x84]4[0xe4][0xb8][0xa1][0x8c][0xaa]-[0xf2])[0xca][0xef][0xd4]M,?[0x87][0xd5]bL1[0x87]Y[0x8d][0x18][0xc6][0xb2]%[0x93][0xb5]nK[0xc6][0x1c][0xb7][0xac]S6[0xb1][0xdc][0xa7][0xd1]b[0xca][0xea];[0xe5][0xaf][0x84][0xd0]{[0xef]8[0x82][0xda]A[0xcf]fv[0xfd][0xe3][0xd0][0x9c][0xb7][0x84][0x95][0xb6][\r]H[0x88][0xf4]/[0xa6][0xff]E[0xbc][0x12]y[0xb1][0xa6][0xb7]5[0x5]Q3[0x91][0x14][0xa5][0xb3][0x91][0xf5][0xa6][0x8f][0xda][0xd9] [0xa2]K[0x9f]J[0x4][0xe2]wbQ[0xba][0x10][0x83]@&[0x81][0xde]3[0x95][0x1a]#Ug[0xb0][0xdf][0x2][0xf6][0x16][0x88]W[0x6][0x4][0x0][0x0]"
2024-05-22 17:55:23 DEBUG wire:73 -  << "[\r][\n]"
2024-05-22 17:55:23 DEBUG wire:73 -  << "0[\r][\n]"
2024-05-22 17:55:23 DEBUG wire:73 -  << "[\r][\n]"
2024-05-22 17:55:23 DEBUG RestAssuredHttpBuilder:556 - Parsed data to instance of: class org.apache.http.conn.EofSensorInputStream
2024-05-22 17:55:23 DEBUG BasicClientConnectionManager:200 - Releasing connection org.apache.http.impl.conn.ManagedClientConnectionImpl@3c3820bb
2024-05-22 17:55:23 DEBUG BasicClientConnectionManager:225 - Connection can be kept alive indefinitely
2024-05-22 17:55:23 DEBUG GetRequest:30 - 200
2024-05-22 17:55:23 DEBUG GetRequest:38 - 200
2024-05-22 17:55:23 DEBUG BasicClientConnectionManager:161 - Get connection for route {s}->https://reqres.in:443
2024-05-22 17:55:23 DEBUG DefaultClientConnectionOperator:177 - Connecting to reqres.in:443
2024-05-22 17:55:23 DEBUG RequestAddCookies:123 - CookieSpec selected: ignoreCookies
2024-05-22 17:55:23 DEBUG RequestAuthCache:77 - Auth cache not set in the context
2024-05-22 17:55:23 DEBUG RequestTargetAuthentication:80 - Target auth state: UNCHALLENGED
2024-05-22 17:55:23 DEBUG RequestProxyAuthentication:89 - Proxy auth state: UNCHALLENGED
2024-05-22 17:55:23 DEBUG DefaultHttpClient:677 - Attempt 1 to execute request
2024-05-22 17:55:23 DEBUG DefaultClientConnection:274 - Sending request: POST /api/users HTTP/1.1
2024-05-22 17:55:23 DEBUG wire:73 -  >> "POST /api/users HTTP/1.1[\r][\n]"
2024-05-22 17:55:23 DEBUG wire:73 -  >> "Accept: */*[\r][\n]"
2024-05-22 17:55:23 DEBUG wire:73 -  >> "Content-Type: text/plain; charset=ISO-8859-1[\r][\n]"
2024-05-22 17:55:23 DEBUG wire:73 -  >> "Content-Length: 39[\r][\n]"
2024-05-22 17:55:23 DEBUG wire:73 -  >> "Host: reqres.in[\r][\n]"
2024-05-22 17:55:23 DEBUG wire:73 -  >> "Connection: Keep-Alive[\r][\n]"
2024-05-22 17:55:23 DEBUG wire:73 -  >> "User-Agent: Apache-HttpClient/4.5.13 (Java/17.0.6)[\r][\n]"
2024-05-22 17:55:23 DEBUG wire:73 -  >> "Accept-Encoding: gzip,deflate[\r][\n]"
2024-05-22 17:55:23 DEBUG wire:73 -  >> "[\r][\n]"
2024-05-22 17:55:23 DEBUG headers:278 - >> POST /api/users HTTP/1.1
2024-05-22 17:55:23 DEBUG headers:281 - >> Accept: */*
2024-05-22 17:55:23 DEBUG headers:281 - >> Content-Type: text/plain; charset=ISO-8859-1
2024-05-22 17:55:23 DEBUG headers:281 - >> Content-Length: 39
2024-05-22 17:55:23 DEBUG headers:281 - >> Host: reqres.in
2024-05-22 17:55:23 DEBUG headers:281 - >> Connection: Keep-Alive
2024-05-22 17:55:23 DEBUG headers:281 - >> User-Agent: Apache-HttpClient/4.5.13 (Java/17.0.6)
2024-05-22 17:55:23 DEBUG headers:281 - >> Accept-Encoding: gzip,deflate
2024-05-22 17:55:23 DEBUG wire:73 -  >> ""name": "ayush",[\r][\n]"
2024-05-22 17:55:23 DEBUG wire:87 -  >> "    "job": "producer""
2024-05-22 17:55:23 DEBUG wire:73 -  << "HTTP/1.1 201 Created[\r][\n]"
2024-05-22 17:55:23 DEBUG wire:73 -  << "Date: Wed, 22 May 2024 12:25:24 GMT[\r][\n]"
2024-05-22 17:55:23 DEBUG wire:73 -  << "Content-Type: application/json; charset=utf-8[\r][\n]"
2024-05-22 17:55:23 DEBUG wire:73 -  << "Content-Length: 51[\r][\n]"
2024-05-22 17:55:23 DEBUG wire:73 -  << "Connection: keep-alive[\r][\n]"
2024-05-22 17:55:23 DEBUG wire:73 -  << "Report-To: {"group":"heroku-nel","max_age":3600,"endpoints":[{"url":"https://nel.heroku.com/reports?ts=1716380724&sid=c4c9725f-1ab0-44d8-820f-430df2718e11&s=CppZ0x2vxDuXBDQst0EYj%2FiBSG%2FpoOPHT0DNWo8ol7s%3D"}]}[\r][\n]"
2024-05-22 17:55:23 DEBUG wire:73 -  << "Reporting-Endpoints: heroku-nel=https://nel.heroku.com/reports?ts=1716380724&sid=c4c9725f-1ab0-44d8-820f-430df2718e11&s=CppZ0x2vxDuXBDQst0EYj%2FiBSG%2FpoOPHT0DNWo8ol7s%3D[\r][\n]"
2024-05-22 17:55:23 DEBUG wire:73 -  << "Nel: {"report_to":"heroku-nel","max_age":3600,"success_fraction":0.005,"failure_fraction":0.05,"response_headers":["Via"]}[\r][\n]"
2024-05-22 17:55:23 DEBUG wire:73 -  << "X-Powered-By: Express[\r][\n]"
2024-05-22 17:55:23 DEBUG wire:73 -  << "Access-Control-Allow-Origin: *[\r][\n]"
2024-05-22 17:55:23 DEBUG wire:73 -  << "Etag: W/"33-HNwt2bbWPvGAlhkb7PJwOrUE/w8"[\r][\n]"
2024-05-22 17:55:23 DEBUG wire:73 -  << "Via: 1.1 vegur[\r][\n]"
2024-05-22 17:55:23 DEBUG wire:73 -  << "CF-Cache-Status: DYNAMIC[\r][\n]"
2024-05-22 17:55:23 DEBUG wire:73 -  << "Server: cloudflare[\r][\n]"
2024-05-22 17:55:23 DEBUG wire:73 -  << "CF-RAY: 887cc9e75c175952-DEL[\r][\n]"
2024-05-22 17:55:23 DEBUG wire:73 -  << "[\r][\n]"
2024-05-22 17:55:23 DEBUG DefaultClientConnection:259 - Receiving response: HTTP/1.1 201 Created
2024-05-22 17:55:23 DEBUG headers:262 - << HTTP/1.1 201 Created
2024-05-22 17:55:23 DEBUG headers:265 - << Date: Wed, 22 May 2024 12:25:24 GMT
2024-05-22 17:55:23 DEBUG headers:265 - << Content-Type: application/json; charset=utf-8
2024-05-22 17:55:23 DEBUG headers:265 - << Content-Length: 51
2024-05-22 17:55:23 DEBUG headers:265 - << Connection: keep-alive
2024-05-22 17:55:23 DEBUG headers:265 - << Report-To: {"group":"heroku-nel","max_age":3600,"endpoints":[{"url":"https://nel.heroku.com/reports?ts=1716380724&sid=c4c9725f-1ab0-44d8-820f-430df2718e11&s=CppZ0x2vxDuXBDQst0EYj%2FiBSG%2FpoOPHT0DNWo8ol7s%3D"}]}
2024-05-22 17:55:23 DEBUG headers:265 - << Reporting-Endpoints: heroku-nel=https://nel.heroku.com/reports?ts=1716380724&sid=c4c9725f-1ab0-44d8-820f-430df2718e11&s=CppZ0x2vxDuXBDQst0EYj%2FiBSG%2FpoOPHT0DNWo8ol7s%3D
2024-05-22 17:55:23 DEBUG headers:265 - << Nel: {"report_to":"heroku-nel","max_age":3600,"success_fraction":0.005,"failure_fraction":0.05,"response_headers":["Via"]}
2024-05-22 17:55:23 DEBUG headers:265 - << X-Powered-By: Express
2024-05-22 17:55:23 DEBUG headers:265 - << Access-Control-Allow-Origin: *
2024-05-22 17:55:23 DEBUG headers:265 - << Etag: W/"33-HNwt2bbWPvGAlhkb7PJwOrUE/w8"
2024-05-22 17:55:23 DEBUG headers:265 - << Via: 1.1 vegur
2024-05-22 17:55:23 DEBUG headers:265 - << CF-Cache-Status: DYNAMIC
2024-05-22 17:55:23 DEBUG headers:265 - << Server: cloudflare
2024-05-22 17:55:23 DEBUG headers:265 - << CF-RAY: 887cc9e75c175952-DEL
2024-05-22 17:55:23 DEBUG DefaultHttpClient:504 - Connection can be kept alive indefinitely
2024-05-22 17:55:23 DEBUG RestAssuredHttpBuilder:553 - Parsing response as: application/json; charset=utf-8
2024-05-22 17:55:23 DEBUG RestAssuredHttpBuilder:556 - Parsed data to instance of: class org.apache.http.conn.EofSensorInputStream
2024-05-22 17:55:23 INFO  GetRequest:64 - 201
2024-05-22 17:56:45 DEBUG BasicClientConnectionManager:161 - Get connection for route {s}->https://reqres.in:443
2024-05-22 17:56:45 DEBUG DefaultClientConnectionOperator:177 - Connecting to reqres.in:443
2024-05-22 17:56:45 DEBUG RequestAddCookies:123 - CookieSpec selected: ignoreCookies
2024-05-22 17:56:45 DEBUG RequestAuthCache:77 - Auth cache not set in the context
2024-05-22 17:56:45 DEBUG RequestTargetAuthentication:80 - Target auth state: UNCHALLENGED
2024-05-22 17:56:45 DEBUG RequestProxyAuthentication:89 - Proxy auth state: UNCHALLENGED
2024-05-22 17:56:45 DEBUG DefaultHttpClient:677 - Attempt 1 to execute request
2024-05-22 17:56:45 DEBUG DefaultClientConnection:274 - Sending request: GET /api/users?page=2 HTTP/1.1
2024-05-22 17:56:45 DEBUG wire:73 -  >> "GET /api/users?page=2 HTTP/1.1[\r][\n]"
2024-05-22 17:56:45 DEBUG wire:73 -  >> "Accept: */*[\r][\n]"
2024-05-22 17:56:45 DEBUG wire:73 -  >> "Host: reqres.in[\r][\n]"
2024-05-22 17:56:45 DEBUG wire:73 -  >> "Connection: Keep-Alive[\r][\n]"
2024-05-22 17:56:45 DEBUG wire:73 -  >> "User-Agent: Apache-HttpClient/4.5.13 (Java/17.0.6)[\r][\n]"
2024-05-22 17:56:45 DEBUG wire:73 -  >> "Accept-Encoding: gzip,deflate[\r][\n]"
2024-05-22 17:56:45 DEBUG wire:73 -  >> "[\r][\n]"
2024-05-22 17:56:45 DEBUG headers:278 - >> GET /api/users?page=2 HTTP/1.1
2024-05-22 17:56:45 DEBUG headers:281 - >> Accept: */*
2024-05-22 17:56:45 DEBUG headers:281 - >> Host: reqres.in
2024-05-22 17:56:45 DEBUG headers:281 - >> Connection: Keep-Alive
2024-05-22 17:56:45 DEBUG headers:281 - >> User-Agent: Apache-HttpClient/4.5.13 (Java/17.0.6)
2024-05-22 17:56:45 DEBUG headers:281 - >> Accept-Encoding: gzip,deflate
2024-05-22 17:56:45 DEBUG wire:73 -  << "HTTP/1.1 200 OK[\r][\n]"
2024-05-22 17:56:45 DEBUG wire:73 -  << "Date: Wed, 22 May 2024 12:26:46 GMT[\r][\n]"
2024-05-22 17:56:45 DEBUG wire:73 -  << "Content-Type: application/json; charset=utf-8[\r][\n]"
2024-05-22 17:56:45 DEBUG wire:73 -  << "Transfer-Encoding: chunked[\r][\n]"
2024-05-22 17:56:45 DEBUG wire:73 -  << "Connection: keep-alive[\r][\n]"
2024-05-22 17:56:45 DEBUG wire:73 -  << "Report-To: {"group":"heroku-nel","max_age":3600,"endpoints":[{"url":"https://nel.heroku.com/reports?ts=1716139606&sid=c4c9725f-1ab0-44d8-820f-430df2718e11&s=ePSq6PxW0hKtBsb6tl061k9%2BnshKmPn7CJpVlxVV1lY%3D"}]}[\r][\n]"
2024-05-22 17:56:45 DEBUG wire:73 -  << "Reporting-Endpoints: heroku-nel=https://nel.heroku.com/reports?ts=1716139606&sid=c4c9725f-1ab0-44d8-820f-430df2718e11&s=ePSq6PxW0hKtBsb6tl061k9%2BnshKmPn7CJpVlxVV1lY%3D[\r][\n]"
2024-05-22 17:56:45 DEBUG wire:73 -  << "Nel: {"report_to":"heroku-nel","max_age":3600,"success_fraction":0.005,"failure_fraction":0.05,"response_headers":["Via"]}[\r][\n]"
2024-05-22 17:56:45 DEBUG wire:73 -  << "X-Powered-By: Express[\r][\n]"
2024-05-22 17:56:45 DEBUG wire:73 -  << "Access-Control-Allow-Origin: *[\r][\n]"
2024-05-22 17:56:45 DEBUG wire:73 -  << "Etag: W/"406-ut0vzoCuidvyMf8arZpMpJ6ZRDw"[\r][\n]"
2024-05-22 17:56:45 DEBUG wire:73 -  << "Via: 1.1 vegur[\r][\n]"
2024-05-22 17:56:45 DEBUG wire:73 -  << "Cache-Control: max-age=14400[\r][\n]"
2024-05-22 17:56:45 DEBUG wire:73 -  << "CF-Cache-Status: HIT[\r][\n]"
2024-05-22 17:56:45 DEBUG wire:73 -  << "Age: 6831[\r][\n]"
2024-05-22 17:56:45 DEBUG wire:73 -  << "Vary: Accept-Encoding[\r][\n]"
2024-05-22 17:56:45 DEBUG wire:73 -  << "Server: cloudflare[\r][\n]"
2024-05-22 17:56:45 DEBUG wire:73 -  << "CF-RAY: 887ccbe6cfcd5523-DEL[\r][\n]"
2024-05-22 17:56:45 DEBUG wire:73 -  << "Content-Encoding: gzip[\r][\n]"
2024-05-22 17:56:45 DEBUG wire:73 -  << "[\r][\n]"
2024-05-22 17:56:45 DEBUG DefaultClientConnection:259 - Receiving response: HTTP/1.1 200 OK
2024-05-22 17:56:45 DEBUG headers:262 - << HTTP/1.1 200 OK
2024-05-22 17:56:45 DEBUG headers:265 - << Date: Wed, 22 May 2024 12:26:46 GMT
2024-05-22 17:56:45 DEBUG headers:265 - << Content-Type: application/json; charset=utf-8
2024-05-22 17:56:45 DEBUG headers:265 - << Transfer-Encoding: chunked
2024-05-22 17:56:45 DEBUG headers:265 - << Connection: keep-alive
2024-05-22 17:56:45 DEBUG headers:265 - << Report-To: {"group":"heroku-nel","max_age":3600,"endpoints":[{"url":"https://nel.heroku.com/reports?ts=1716139606&sid=c4c9725f-1ab0-44d8-820f-430df2718e11&s=ePSq6PxW0hKtBsb6tl061k9%2BnshKmPn7CJpVlxVV1lY%3D"}]}
2024-05-22 17:56:45 DEBUG headers:265 - << Reporting-Endpoints: heroku-nel=https://nel.heroku.com/reports?ts=1716139606&sid=c4c9725f-1ab0-44d8-820f-430df2718e11&s=ePSq6PxW0hKtBsb6tl061k9%2BnshKmPn7CJpVlxVV1lY%3D
2024-05-22 17:56:45 DEBUG headers:265 - << Nel: {"report_to":"heroku-nel","max_age":3600,"success_fraction":0.005,"failure_fraction":0.05,"response_headers":["Via"]}
2024-05-22 17:56:45 DEBUG headers:265 - << X-Powered-By: Express
2024-05-22 17:56:45 DEBUG headers:265 - << Access-Control-Allow-Origin: *
2024-05-22 17:56:45 DEBUG headers:265 - << Etag: W/"406-ut0vzoCuidvyMf8arZpMpJ6ZRDw"
2024-05-22 17:56:45 DEBUG headers:265 - << Via: 1.1 vegur
2024-05-22 17:56:45 DEBUG headers:265 - << Cache-Control: max-age=14400
2024-05-22 17:56:45 DEBUG headers:265 - << CF-Cache-Status: HIT
2024-05-22 17:56:45 DEBUG headers:265 - << Age: 6831
2024-05-22 17:56:45 DEBUG headers:265 - << Vary: Accept-Encoding
2024-05-22 17:56:45 DEBUG headers:265 - << Server: cloudflare
2024-05-22 17:56:45 DEBUG headers:265 - << CF-RAY: 887ccbe6cfcd5523-DEL
2024-05-22 17:56:45 DEBUG headers:265 - << Content-Encoding: gzip
2024-05-22 17:56:45 DEBUG DefaultHttpClient:504 - Connection can be kept alive indefinitely
2024-05-22 17:56:45 DEBUG RestAssuredHttpBuilder:553 - Parsing response as: application/json; charset=utf-8
2024-05-22 17:56:45 DEBUG wire:73 -  << "17b[\r][\n]"
2024-05-22 17:56:45 DEBUG wire:73 -  << "[0x1f][0x8b][0x8][0x0][0x0][0x0][0x0][0x0][0x0][0x3][0x8d][0xd2][0xcd]n[0xa3]0[0x14][0x86][0xe1][q[0xcf]l](Y[0xf4][0xc7][0xab][0xaa][0xd2][0xcc]t[0xd1]n[0xa2][0xd9]U[0xa3][0xea][0x4][0xe][0xe0][0xd6][0xd8][0xee][0xb1]i[0xa6][0x8a]r[0xef]UM4T[0x88]D[0xec][0x0][0xbf][0x1f]z[0x84][0xd8][0x81][0xc7][0x86]@[0xad]$x[0xe2][0xe7][0xe1][0xe6]RBt[0x11][\r][0xa8]bu[0xb8]L'!u[0x15]F[0x4][0xf5][0xb4][0x3]][0x81][0xba][0x92]@[0x1d]j[0x3][\n]"
2024-05-22 17:56:45 DEBUG wire:73 -  << ":][0xb6]H&3[0xb8][\r][0xce][0xde]2[0xbd]1[0x85]L[[0x90]Pk[0xe][0xf1][0xd9]bG[0xa0][0xe0]q[0xe8]@[0x82][0xc1][0xf1][0xe9]CZ[0x81][0x4]|[0xc7][0x88][0xc][\n]"
2024-05-22 17:56:45 DEBUG wire:87 -  << "[0xda][0x18]}Py[0xfe][0xff]E[0xb9][0xee][0x9a][0xbc][0xc6][0x92]B~u[0xae];l({[0xf1][\r][0xec][0xe5]@[0xb9][0x1e])F[0xdb]*[0xe0]GV[0x13]7[0xfd]I[0xcc][0xc3]PN0[0xbf][0xe][0xbb][0xa5][0x9c][0xeb][0x19][0xce][0xcd][0xc8][0x89]n[0xa3]1duo_[0xe9]8[0xe5]O[0xaa][0xa6][0x92][0xaf][0xcd]R[0xc6][0xcd][0xc][0xa3][0xb8][0x18][0x1d][0x9b][0xf]v6[0xab]5[0x99]*[0x1c]w[0xdc]}USF[0xda],u[0x14][0x17]s[0x90]b[0x84]4[0xe4][0xb8][0xa1][0x8c][0xaa]-[0xf2])[0xca][0xef][0xd4]M,?[0x87][0xd5]bL1[0x87]Y[0x8d][0x18][0xc6][0xb2]%[0x93][0xb5]nK[0xc6][0x1c][0xb7][0xac]S6[0xb1][0xdc][0xa7][0xd1]b[0xca][0xea];[0xe5][0xaf][0x84][0xd0]{[0xef]8[0x82][0xda]A[0xcf]fv[0xfd][0xe3][0xd0][0x9c][0xb7][0x84][0x95][0xb6][\r]H[0x88][0xf4]/[0xa6][0xff]E[0xbc][0x12]y[0xb1][0xa6][0xb7]5[0x5]Q3[0x91][0x14][0xa5][0xb3][0x91][0xf5][0xa6][0x8f][0xda][0xd9] [0xa2]K[0x9f]J[0x4][0xe2]wbQ[0xba][0x10][0x83]@&[0x81][0xde]3[0x95][0x1a]#Ug[0xb0][0xdf][0x2][0xf6][0x16][0x88]W[0x6][0x4][0x0][0x0]"
2024-05-22 17:56:45 DEBUG wire:73 -  << "[\r][\n]"
2024-05-22 17:56:45 DEBUG wire:73 -  << "0[\r][\n]"
2024-05-22 17:56:45 DEBUG wire:73 -  << "[\r][\n]"
2024-05-22 17:56:45 DEBUG RestAssuredHttpBuilder:556 - Parsed data to instance of: class org.apache.http.conn.EofSensorInputStream
2024-05-22 17:56:45 DEBUG BasicClientConnectionManager:200 - Releasing connection org.apache.http.impl.conn.ManagedClientConnectionImpl@3c3820bb
2024-05-22 17:56:45 DEBUG BasicClientConnectionManager:225 - Connection can be kept alive indefinitely
2024-05-22 17:56:45 DEBUG GetRequest:30 - 200
2024-05-22 17:56:45 DEBUG GetRequest:38 - 200
2024-05-22 17:56:45 DEBUG BasicClientConnectionManager:161 - Get connection for route {s}->https://reqres.in:443
2024-05-22 17:56:45 DEBUG DefaultClientConnectionOperator:177 - Connecting to reqres.in:443
2024-05-22 17:56:45 DEBUG RequestAddCookies:123 - CookieSpec selected: ignoreCookies
2024-05-22 17:56:45 DEBUG RequestAuthCache:77 - Auth cache not set in the context
2024-05-22 17:56:45 DEBUG RequestTargetAuthentication:80 - Target auth state: UNCHALLENGED
2024-05-22 17:56:45 DEBUG RequestProxyAuthentication:89 - Proxy auth state: UNCHALLENGED
2024-05-22 17:56:45 DEBUG DefaultHttpClient:677 - Attempt 1 to execute request
2024-05-22 17:56:45 DEBUG DefaultClientConnection:274 - Sending request: POST /api/users HTTP/1.1
2024-05-22 17:56:45 DEBUG wire:73 -  >> "POST /api/users HTTP/1.1[\r][\n]"
2024-05-22 17:56:45 DEBUG wire:73 -  >> "Accept: */*[\r][\n]"
2024-05-22 17:56:45 DEBUG wire:73 -  >> "Content-Type: text/plain; charset=ISO-8859-1[\r][\n]"
2024-05-22 17:56:45 DEBUG wire:73 -  >> "Content-Length: 39[\r][\n]"
2024-05-22 17:56:45 DEBUG wire:73 -  >> "Host: reqres.in[\r][\n]"
2024-05-22 17:56:45 DEBUG wire:73 -  >> "Connection: Keep-Alive[\r][\n]"
2024-05-22 17:56:45 DEBUG wire:73 -  >> "User-Agent: Apache-HttpClient/4.5.13 (Java/17.0.6)[\r][\n]"
2024-05-22 17:56:45 DEBUG wire:73 -  >> "Accept-Encoding: gzip,deflate[\r][\n]"
2024-05-22 17:56:45 DEBUG wire:73 -  >> "[\r][\n]"
2024-05-22 17:56:45 DEBUG headers:278 - >> POST /api/users HTTP/1.1
2024-05-22 17:56:45 DEBUG headers:281 - >> Accept: */*
2024-05-22 17:56:45 DEBUG headers:281 - >> Content-Type: text/plain; charset=ISO-8859-1
2024-05-22 17:56:45 DEBUG headers:281 - >> Content-Length: 39
2024-05-22 17:56:45 DEBUG headers:281 - >> Host: reqres.in
2024-05-22 17:56:45 DEBUG headers:281 - >> Connection: Keep-Alive
2024-05-22 17:56:45 DEBUG headers:281 - >> User-Agent: Apache-HttpClient/4.5.13 (Java/17.0.6)
2024-05-22 17:56:45 DEBUG headers:281 - >> Accept-Encoding: gzip,deflate
2024-05-22 17:56:45 DEBUG wire:73 -  >> ""name": "ayush",[\r][\n]"
2024-05-22 17:56:45 DEBUG wire:87 -  >> "    "job": "producer""
2024-05-22 17:56:45 DEBUG wire:73 -  << "HTTP/1.1 201 Created[\r][\n]"
2024-05-22 17:56:45 DEBUG wire:73 -  << "Date: Wed, 22 May 2024 12:26:46 GMT[\r][\n]"
2024-05-22 17:56:45 DEBUG wire:73 -  << "Content-Type: application/json; charset=utf-8[\r][\n]"
2024-05-22 17:56:45 DEBUG wire:73 -  << "Content-Length: 51[\r][\n]"
2024-05-22 17:56:45 DEBUG wire:73 -  << "Connection: keep-alive[\r][\n]"
2024-05-22 17:56:45 DEBUG wire:73 -  << "Report-To: {"group":"heroku-nel","max_age":3600,"endpoints":[{"url":"https://nel.heroku.com/reports?ts=1716380806&sid=c4c9725f-1ab0-44d8-820f-430df2718e11&s=pSv26L%2FcolTpgEYK1VJ9V2nJyGxEDYk%2BltbNP%2FwzcqI%3D"}]}[\r][\n]"
2024-05-22 17:56:45 DEBUG wire:73 -  << "Reporting-Endpoints: heroku-nel=https://nel.heroku.com/reports?ts=1716380806&sid=c4c9725f-1ab0-44d8-820f-430df2718e11&s=pSv26L%2FcolTpgEYK1VJ9V2nJyGxEDYk%2BltbNP%2FwzcqI%3D[\r][\n]"
2024-05-22 17:56:45 DEBUG wire:73 -  << "Nel: {"report_to":"heroku-nel","max_age":3600,"success_fraction":0.005,"failure_fraction":0.05,"response_headers":["Via"]}[\r][\n]"
2024-05-22 17:56:45 DEBUG wire:73 -  << "X-Powered-By: Express[\r][\n]"
2024-05-22 17:56:45 DEBUG wire:73 -  << "Access-Control-Allow-Origin: *[\r][\n]"
2024-05-22 17:56:45 DEBUG wire:73 -  << "Etag: W/"33-vWWd5FNKankGrJrNMRXyBGAGx48"[\r][\n]"
2024-05-22 17:56:45 DEBUG wire:73 -  << "Via: 1.1 vegur[\r][\n]"
2024-05-22 17:56:45 DEBUG wire:73 -  << "CF-Cache-Status: DYNAMIC[\r][\n]"
2024-05-22 17:56:45 DEBUG wire:73 -  << "Server: cloudflare[\r][\n]"
2024-05-22 17:56:45 DEBUG wire:73 -  << "CF-RAY: 887ccbe7db3d54a2-DEL[\r][\n]"
2024-05-22 17:56:45 DEBUG wire:73 -  << "[\r][\n]"
2024-05-22 17:56:45 DEBUG DefaultClientConnection:259 - Receiving response: HTTP/1.1 201 Created
2024-05-22 17:56:45 DEBUG headers:262 - << HTTP/1.1 201 Created
2024-05-22 17:56:45 DEBUG headers:265 - << Date: Wed, 22 May 2024 12:26:46 GMT
2024-05-22 17:56:45 DEBUG headers:265 - << Content-Type: application/json; charset=utf-8
2024-05-22 17:56:45 DEBUG headers:265 - << Content-Length: 51
2024-05-22 17:56:45 DEBUG headers:265 - << Connection: keep-alive
2024-05-22 17:56:45 DEBUG headers:265 - << Report-To: {"group":"heroku-nel","max_age":3600,"endpoints":[{"url":"https://nel.heroku.com/reports?ts=1716380806&sid=c4c9725f-1ab0-44d8-820f-430df2718e11&s=pSv26L%2FcolTpgEYK1VJ9V2nJyGxEDYk%2BltbNP%2FwzcqI%3D"}]}
2024-05-22 17:56:45 DEBUG headers:265 - << Reporting-Endpoints: heroku-nel=https://nel.heroku.com/reports?ts=1716380806&sid=c4c9725f-1ab0-44d8-820f-430df2718e11&s=pSv26L%2FcolTpgEYK1VJ9V2nJyGxEDYk%2BltbNP%2FwzcqI%3D
2024-05-22 17:56:45 DEBUG headers:265 - << Nel: {"report_to":"heroku-nel","max_age":3600,"success_fraction":0.005,"failure_fraction":0.05,"response_headers":["Via"]}
2024-05-22 17:56:45 DEBUG headers:265 - << X-Powered-By: Express
2024-05-22 17:56:45 DEBUG headers:265 - << Access-Control-Allow-Origin: *
2024-05-22 17:56:45 DEBUG headers:265 - << Etag: W/"33-vWWd5FNKankGrJrNMRXyBGAGx48"
2024-05-22 17:56:45 DEBUG headers:265 - << Via: 1.1 vegur
2024-05-22 17:56:45 DEBUG headers:265 - << CF-Cache-Status: DYNAMIC
2024-05-22 17:56:45 DEBUG headers:265 - << Server: cloudflare
2024-05-22 17:56:45 DEBUG headers:265 - << CF-RAY: 887ccbe7db3d54a2-DEL
2024-05-22 17:56:45 DEBUG DefaultHttpClient:504 - Connection can be kept alive indefinitely
2024-05-22 17:56:45 DEBUG RestAssuredHttpBuilder:553 - Parsing response as: application/json; charset=utf-8
2024-05-22 17:56:45 DEBUG RestAssuredHttpBuilder:556 - Parsed data to instance of: class org.apache.http.conn.EofSensorInputStream
2024-05-22 17:56:45 INFO  GetRequest:65 - 201
2024-05-22 22:40:05 DEBUG BasicClientConnectionManager:161 - Get connection for route {s}->https://reqres.in:443
2024-05-22 22:40:05 DEBUG DefaultClientConnectionOperator:177 - Connecting to reqres.in:443
2024-05-22 22:40:05 DEBUG RequestAddCookies:123 - CookieSpec selected: ignoreCookies
2024-05-22 22:40:05 DEBUG RequestAuthCache:77 - Auth cache not set in the context
2024-05-22 22:40:05 DEBUG RequestTargetAuthentication:80 - Target auth state: UNCHALLENGED
2024-05-22 22:40:05 DEBUG RequestProxyAuthentication:89 - Proxy auth state: UNCHALLENGED
2024-05-22 22:40:05 DEBUG DefaultHttpClient:677 - Attempt 1 to execute request
2024-05-22 22:40:05 DEBUG DefaultClientConnection:274 - Sending request: GET /api/users?page=2 HTTP/1.1
2024-05-22 22:40:05 DEBUG wire:73 -  >> "GET /api/users?page=2 HTTP/1.1[\r][\n]"
2024-05-22 22:40:05 DEBUG wire:73 -  >> "Accept: */*[\r][\n]"
2024-05-22 22:40:05 DEBUG wire:73 -  >> "Host: reqres.in[\r][\n]"
2024-05-22 22:40:05 DEBUG wire:73 -  >> "Connection: Keep-Alive[\r][\n]"
2024-05-22 22:40:05 DEBUG wire:73 -  >> "User-Agent: Apache-HttpClient/4.5.13 (Java/17.0.6)[\r][\n]"
2024-05-22 22:40:05 DEBUG wire:73 -  >> "Accept-Encoding: gzip,deflate[\r][\n]"
2024-05-22 22:40:05 DEBUG wire:73 -  >> "[\r][\n]"
2024-05-22 22:40:05 DEBUG headers:278 - >> GET /api/users?page=2 HTTP/1.1
2024-05-22 22:40:05 DEBUG headers:281 - >> Accept: */*
2024-05-22 22:40:05 DEBUG headers:281 - >> Host: reqres.in
2024-05-22 22:40:05 DEBUG headers:281 - >> Connection: Keep-Alive
2024-05-22 22:40:05 DEBUG headers:281 - >> User-Agent: Apache-HttpClient/4.5.13 (Java/17.0.6)
2024-05-22 22:40:05 DEBUG headers:281 - >> Accept-Encoding: gzip,deflate
2024-05-22 22:40:05 DEBUG wire:73 -  << "HTTP/1.1 200 OK[\r][\n]"
2024-05-22 22:40:05 DEBUG wire:73 -  << "Date: Wed, 22 May 2024 17:10:06 GMT[\r][\n]"
2024-05-22 22:40:05 DEBUG wire:73 -  << "Content-Type: application/json; charset=utf-8[\r][\n]"
2024-05-22 22:40:05 DEBUG wire:73 -  << "Transfer-Encoding: chunked[\r][\n]"
2024-05-22 22:40:05 DEBUG wire:73 -  << "Connection: keep-alive[\r][\n]"
2024-05-22 22:40:05 DEBUG wire:73 -  << "Report-To: {"group":"heroku-nel","max_age":3600,"endpoints":[{"url":"https://nel.heroku.com/reports?ts=1716139606&sid=c4c9725f-1ab0-44d8-820f-430df2718e11&s=ePSq6PxW0hKtBsb6tl061k9%2BnshKmPn7CJpVlxVV1lY%3D"}]}[\r][\n]"
2024-05-22 22:40:05 DEBUG wire:73 -  << "Reporting-Endpoints: heroku-nel=https://nel.heroku.com/reports?ts=1716139606&sid=c4c9725f-1ab0-44d8-820f-430df2718e11&s=ePSq6PxW0hKtBsb6tl061k9%2BnshKmPn7CJpVlxVV1lY%3D[\r][\n]"
2024-05-22 22:40:05 DEBUG wire:73 -  << "Nel: {"report_to":"heroku-nel","max_age":3600,"success_fraction":0.005,"failure_fraction":0.05,"response_headers":["Via"]}[\r][\n]"
2024-05-22 22:40:05 DEBUG wire:73 -  << "X-Powered-By: Express[\r][\n]"
2024-05-22 22:40:05 DEBUG wire:73 -  << "Access-Control-Allow-Origin: *[\r][\n]"
2024-05-22 22:40:05 DEBUG wire:73 -  << "Etag: W/"406-ut0vzoCuidvyMf8arZpMpJ6ZRDw"[\r][\n]"
2024-05-22 22:40:05 DEBUG wire:73 -  << "Via: 1.1 vegur[\r][\n]"
2024-05-22 22:40:05 DEBUG wire:73 -  << "Cache-Control: max-age=14400[\r][\n]"
2024-05-22 22:40:05 DEBUG wire:73 -  << "CF-Cache-Status: HIT[\r][\n]"
2024-05-22 22:40:05 DEBUG wire:73 -  << "Age: 1868[\r][\n]"
2024-05-22 22:40:05 DEBUG wire:73 -  << "Vary: Accept-Encoding[\r][\n]"
2024-05-22 22:40:05 DEBUG wire:73 -  << "Server: cloudflare[\r][\n]"
2024-05-22 22:40:05 DEBUG wire:73 -  << "CF-RAY: 887e6af2ab215971-DEL[\r][\n]"
2024-05-22 22:40:05 DEBUG wire:73 -  << "Content-Encoding: gzip[\r][\n]"
2024-05-22 22:40:05 DEBUG wire:73 -  << "[\r][\n]"
2024-05-22 22:40:05 DEBUG DefaultClientConnection:259 - Receiving response: HTTP/1.1 200 OK
2024-05-22 22:40:05 DEBUG headers:262 - << HTTP/1.1 200 OK
2024-05-22 22:40:05 DEBUG headers:265 - << Date: Wed, 22 May 2024 17:10:06 GMT
2024-05-22 22:40:05 DEBUG headers:265 - << Content-Type: application/json; charset=utf-8
2024-05-22 22:40:05 DEBUG headers:265 - << Transfer-Encoding: chunked
2024-05-22 22:40:05 DEBUG headers:265 - << Connection: keep-alive
2024-05-22 22:40:05 DEBUG headers:265 - << Report-To: {"group":"heroku-nel","max_age":3600,"endpoints":[{"url":"https://nel.heroku.com/reports?ts=1716139606&sid=c4c9725f-1ab0-44d8-820f-430df2718e11&s=ePSq6PxW0hKtBsb6tl061k9%2BnshKmPn7CJpVlxVV1lY%3D"}]}
2024-05-22 22:40:05 DEBUG headers:265 - << Reporting-Endpoints: heroku-nel=https://nel.heroku.com/reports?ts=1716139606&sid=c4c9725f-1ab0-44d8-820f-430df2718e11&s=ePSq6PxW0hKtBsb6tl061k9%2BnshKmPn7CJpVlxVV1lY%3D
2024-05-22 22:40:05 DEBUG headers:265 - << Nel: {"report_to":"heroku-nel","max_age":3600,"success_fraction":0.005,"failure_fraction":0.05,"response_headers":["Via"]}
2024-05-22 22:40:05 DEBUG headers:265 - << X-Powered-By: Express
2024-05-22 22:40:05 DEBUG headers:265 - << Access-Control-Allow-Origin: *
2024-05-22 22:40:05 DEBUG headers:265 - << Etag: W/"406-ut0vzoCuidvyMf8arZpMpJ6ZRDw"
2024-05-22 22:40:05 DEBUG headers:265 - << Via: 1.1 vegur
2024-05-22 22:40:05 DEBUG headers:265 - << Cache-Control: max-age=14400
2024-05-22 22:40:05 DEBUG headers:265 - << CF-Cache-Status: HIT
2024-05-22 22:40:05 DEBUG headers:265 - << Age: 1868
2024-05-22 22:40:05 DEBUG headers:265 - << Vary: Accept-Encoding
2024-05-22 22:40:05 DEBUG headers:265 - << Server: cloudflare
2024-05-22 22:40:05 DEBUG headers:265 - << CF-RAY: 887e6af2ab215971-DEL
2024-05-22 22:40:05 DEBUG headers:265 - << Content-Encoding: gzip
2024-05-22 22:40:05 DEBUG DefaultHttpClient:504 - Connection can be kept alive indefinitely
2024-05-22 22:40:05 DEBUG RestAssuredHttpBuilder:553 - Parsing response as: application/json; charset=utf-8
2024-05-22 22:40:05 DEBUG wire:73 -  << "17b[\r][\n]"
2024-05-22 22:40:05 DEBUG wire:73 -  << "[0x1f][0x8b][0x8][0x0][0x0][0x0][0x0][0x0][0x0][0x3][0x8d][0xd2][0xcd]n[0xa3]0[0x14][0x86][0xe1][q[0xcf]l](Y[0xf4][0xc7][0xab][0xaa][0xd2][0xcc]t[0xd1]n[0xa2][0xd9]U[0xa3][0xea][0x4][0xe][0xe0][0xd6][0xd8][0xee][0xb1]i[0xa6][0x8a]r[0xef]UM4T[0x88]D[0xec][0x0][0xbf][0x1f]z[0x84][0xd8][0x81][0xc7][0x86]@[0xad]$x[0xe2][0xe7][0xe1][0xe6]RBt[0x11][\r][0xa8]bu[0xb8]L'!u[0x15]F[0x4][0xf5][0xb4][0x3]][0x81][0xba][0x92]@[0x1d]j[0x3][\n]"
2024-05-22 22:40:05 DEBUG wire:73 -  << ":][0xb6]H&3[0xb8][\r][0xce][0xde]2[0xbd]1[0x85]L[[0x90]Pk[0xe][0xf1][0xd9]bG[0xa0][0xe0]q[0xe8]@[0x82][0xc1][0xf1][0xe9]CZ[0x81][0x4]|[0xc7][0x88][0xc][\n]"
2024-05-22 22:40:05 DEBUG wire:87 -  << "[0xda][0x18]}Py[0xfe][0xff]E[0xb9][0xee][0x9a][0xbc][0xc6][0x92]B~u[0xae];l({[0xf1][\r][0xec][0xe5]@[0xb9][0x1e])F[0xdb]*[0xe0]GV[0x13]7[0xfd]I[0xcc][0xc3]PN0[0xbf][0xe][0xbb][0xa5][0x9c][0xeb][0x19][0xce][0xcd][0xc8][0x89]n[0xa3]1duo_[0xe9]8[0xe5]O[0xaa][0xa6][0x92][0xaf][0xcd]R[0xc6][0xcd][0xc][0xa3][0xb8][0x18][0x1d][0x9b][0xf]v6[0xab]5[0x99]*[0x1c]w[0xdc]}USF[0xda],u[0x14][0x17]s[0x90]b[0x84]4[0xe4][0xb8][0xa1][0x8c][0xaa]-[0xf2])[0xca][0xef][0xd4]M,?[0x87][0xd5]bL1[0x87]Y[0x8d][0x18][0xc6][0xb2]%[0x93][0xb5]nK[0xc6][0x1c][0xb7][0xac]S6[0xb1][0xdc][0xa7][0xd1]b[0xca][0xea];[0xe5][0xaf][0x84][0xd0]{[0xef]8[0x82][0xda]A[0xcf]fv[0xfd][0xe3][0xd0][0x9c][0xb7][0x84][0x95][0xb6][\r]H[0x88][0xf4]/[0xa6][0xff]E[0xbc][0x12]y[0xb1][0xa6][0xb7]5[0x5]Q3[0x91][0x14][0xa5][0xb3][0x91][0xf5][0xa6][0x8f][0xda][0xd9] [0xa2]K[0x9f]J[0x4][0xe2]wbQ[0xba][0x10][0x83]@&[0x81][0xde]3[0x95][0x1a]#Ug[0xb0][0xdf][0x2][0xf6][0x16][0x88]W[0x6][0x4][0x0][0x0]"
2024-05-22 22:40:05 DEBUG wire:73 -  << "[\r][\n]"
2024-05-22 22:40:05 DEBUG wire:73 -  << "0[\r][\n]"
2024-05-22 22:40:05 DEBUG wire:73 -  << "[\r][\n]"
2024-05-22 22:40:05 DEBUG RestAssuredHttpBuilder:556 - Parsed data to instance of: class org.apache.http.conn.EofSensorInputStream
2024-05-22 22:40:05 DEBUG BasicClientConnectionManager:200 - Releasing connection org.apache.http.impl.conn.ManagedClientConnectionImpl@3c3820bb
2024-05-22 22:40:05 DEBUG BasicClientConnectionManager:225 - Connection can be kept alive indefinitely
2024-05-22 22:40:05 DEBUG GetRequest:28 - 200
2024-05-22 22:40:05 DEBUG GetRequest:36 - 200
2024-05-22 22:40:05 DEBUG BasicClientConnectionManager:161 - Get connection for route {s}->https://reqres.in:443
2024-05-22 22:40:05 DEBUG DefaultClientConnectionOperator:177 - Connecting to reqres.in:443
2024-05-22 22:40:06 DEBUG RequestAddCookies:123 - CookieSpec selected: ignoreCookies
2024-05-22 22:40:06 DEBUG RequestAuthCache:77 - Auth cache not set in the context
2024-05-22 22:40:06 DEBUG RequestTargetAuthentication:80 - Target auth state: UNCHALLENGED
2024-05-22 22:40:06 DEBUG RequestProxyAuthentication:89 - Proxy auth state: UNCHALLENGED
2024-05-22 22:40:06 DEBUG DefaultHttpClient:677 - Attempt 1 to execute request
2024-05-22 22:40:06 DEBUG DefaultClientConnection:274 - Sending request: POST /api/users HTTP/1.1
2024-05-22 22:40:06 DEBUG wire:73 -  >> "POST /api/users HTTP/1.1[\r][\n]"
2024-05-22 22:40:06 DEBUG wire:73 -  >> "Accept: */*[\r][\n]"
2024-05-22 22:40:06 DEBUG wire:73 -  >> "Content-Type: text/plain; charset=ISO-8859-1[\r][\n]"
2024-05-22 22:40:06 DEBUG wire:73 -  >> "Content-Length: 39[\r][\n]"
2024-05-22 22:40:06 DEBUG wire:73 -  >> "Host: reqres.in[\r][\n]"
2024-05-22 22:40:06 DEBUG wire:73 -  >> "Connection: Keep-Alive[\r][\n]"
2024-05-22 22:40:06 DEBUG wire:73 -  >> "User-Agent: Apache-HttpClient/4.5.13 (Java/17.0.6)[\r][\n]"
2024-05-22 22:40:06 DEBUG wire:73 -  >> "Accept-Encoding: gzip,deflate[\r][\n]"
2024-05-22 22:40:06 DEBUG wire:73 -  >> "[\r][\n]"
2024-05-22 22:40:06 DEBUG headers:278 - >> POST /api/users HTTP/1.1
2024-05-22 22:40:06 DEBUG headers:281 - >> Accept: */*
2024-05-22 22:40:06 DEBUG headers:281 - >> Content-Type: text/plain; charset=ISO-8859-1
2024-05-22 22:40:06 DEBUG headers:281 - >> Content-Length: 39
2024-05-22 22:40:06 DEBUG headers:281 - >> Host: reqres.in
2024-05-22 22:40:06 DEBUG headers:281 - >> Connection: Keep-Alive
2024-05-22 22:40:06 DEBUG headers:281 - >> User-Agent: Apache-HttpClient/4.5.13 (Java/17.0.6)
2024-05-22 22:40:06 DEBUG headers:281 - >> Accept-Encoding: gzip,deflate
2024-05-22 22:40:06 DEBUG wire:73 -  >> ""name": "ayush",[\r][\n]"
2024-05-22 22:40:06 DEBUG wire:87 -  >> "    "job": "producer""
2024-05-22 22:40:06 DEBUG wire:73 -  << "HTTP/1.1 201 Created[\r][\n]"
2024-05-22 22:40:06 DEBUG wire:73 -  << "Date: Wed, 22 May 2024 17:10:07 GMT[\r][\n]"
2024-05-22 22:40:06 DEBUG wire:73 -  << "Content-Type: application/json; charset=utf-8[\r][\n]"
2024-05-22 22:40:06 DEBUG wire:73 -  << "Content-Length: 50[\r][\n]"
2024-05-22 22:40:06 DEBUG wire:73 -  << "Connection: keep-alive[\r][\n]"
2024-05-22 22:40:06 DEBUG wire:73 -  << "Report-To: {"group":"heroku-nel","max_age":3600,"endpoints":[{"url":"https://nel.heroku.com/reports?ts=1716397806&sid=c4c9725f-1ab0-44d8-820f-430df2718e11&s=wJBUgF6HMbh5CO4gWdIZP%2Bn%2B9vEVaBVPVgKj%2B06wdNo%3D"}]}[\r][\n]"
2024-05-22 22:40:06 DEBUG wire:73 -  << "Reporting-Endpoints: heroku-nel=https://nel.heroku.com/reports?ts=1716397806&sid=c4c9725f-1ab0-44d8-820f-430df2718e11&s=wJBUgF6HMbh5CO4gWdIZP%2Bn%2B9vEVaBVPVgKj%2B06wdNo%3D[\r][\n]"
2024-05-22 22:40:06 DEBUG wire:73 -  << "Nel: {"report_to":"heroku-nel","max_age":3600,"success_fraction":0.005,"failure_fraction":0.05,"response_headers":["Via"]}[\r][\n]"
2024-05-22 22:40:06 DEBUG wire:73 -  << "X-Powered-By: Express[\r][\n]"
2024-05-22 22:40:06 DEBUG wire:73 -  << "Access-Control-Allow-Origin: *[\r][\n]"
2024-05-22 22:40:06 DEBUG wire:73 -  << "Etag: W/"32-bMOu+IGPu2DiGihKpcOlMWlaLew"[\r][\n]"
2024-05-22 22:40:06 DEBUG wire:73 -  << "Via: 1.1 vegur[\r][\n]"
2024-05-22 22:40:06 DEBUG wire:73 -  << "CF-Cache-Status: DYNAMIC[\r][\n]"
2024-05-22 22:40:06 DEBUG wire:73 -  << "Server: cloudflare[\r][\n]"
2024-05-22 22:40:06 DEBUG wire:73 -  << "CF-RAY: 887e6af3ec8e597c-DEL[\r][\n]"
2024-05-22 22:40:06 DEBUG wire:73 -  << "[\r][\n]"
2024-05-22 22:40:06 DEBUG DefaultClientConnection:259 - Receiving response: HTTP/1.1 201 Created
2024-05-22 22:40:06 DEBUG headers:262 - << HTTP/1.1 201 Created
2024-05-22 22:40:06 DEBUG headers:265 - << Date: Wed, 22 May 2024 17:10:07 GMT
2024-05-22 22:40:06 DEBUG headers:265 - << Content-Type: application/json; charset=utf-8
2024-05-22 22:40:06 DEBUG headers:265 - << Content-Length: 50
2024-05-22 22:40:06 DEBUG headers:265 - << Connection: keep-alive
2024-05-22 22:40:06 DEBUG headers:265 - << Report-To: {"group":"heroku-nel","max_age":3600,"endpoints":[{"url":"https://nel.heroku.com/reports?ts=1716397806&sid=c4c9725f-1ab0-44d8-820f-430df2718e11&s=wJBUgF6HMbh5CO4gWdIZP%2Bn%2B9vEVaBVPVgKj%2B06wdNo%3D"}]}
2024-05-22 22:40:06 DEBUG headers:265 - << Reporting-Endpoints: heroku-nel=https://nel.heroku.com/reports?ts=1716397806&sid=c4c9725f-1ab0-44d8-820f-430df2718e11&s=wJBUgF6HMbh5CO4gWdIZP%2Bn%2B9vEVaBVPVgKj%2B06wdNo%3D
2024-05-22 22:40:06 DEBUG headers:265 - << Nel: {"report_to":"heroku-nel","max_age":3600,"success_fraction":0.005,"failure_fraction":0.05,"response_headers":["Via"]}
2024-05-22 22:40:06 DEBUG headers:265 - << X-Powered-By: Express
2024-05-22 22:40:06 DEBUG headers:265 - << Access-Control-Allow-Origin: *
2024-05-22 22:40:06 DEBUG headers:265 - << Etag: W/"32-bMOu+IGPu2DiGihKpcOlMWlaLew"
2024-05-22 22:40:06 DEBUG headers:265 - << Via: 1.1 vegur
2024-05-22 22:40:06 DEBUG headers:265 - << CF-Cache-Status: DYNAMIC
2024-05-22 22:40:06 DEBUG headers:265 - << Server: cloudflare
2024-05-22 22:40:06 DEBUG headers:265 - << CF-RAY: 887e6af3ec8e597c-DEL
2024-05-22 22:40:06 DEBUG DefaultHttpClient:504 - Connection can be kept alive indefinitely
2024-05-22 22:40:06 DEBUG RestAssuredHttpBuilder:553 - Parsing response as: application/json; charset=utf-8
2024-05-22 22:40:06 DEBUG RestAssuredHttpBuilder:556 - Parsed data to instance of: class org.apache.http.conn.EofSensorInputStream
2024-05-22 22:40:06 INFO  GetRequest:64 - 201
2024-05-23 13:34:08 DEBUG BasicClientConnectionManager:161 - Get connection for route {s}->https://reqres.in:443
2024-05-23 13:34:19 DEBUG DefaultClientConnection:180 - Connection org.apache.http.impl.conn.DefaultClientConnection@2b8bd798 closed
2024-05-23 13:34:19 DEBUG DefaultClientConnection:164 - Connection org.apache.http.impl.conn.DefaultClientConnection@2b8bd798 shut down
2024-05-23 13:34:19 DEBUG BasicClientConnectionManager:200 - Releasing connection org.apache.http.impl.conn.ManagedClientConnectionImpl@4c18621b
2024-05-23 13:34:19 ERROR GetRequest:30 - java.net.UnknownHostException: No such host is known (reqres.in)
2024-05-23 13:34:19 ERROR GetRequest:38 - java.lang.NullPointerException: Cannot invoke "io.restassured.response.Response.getStatusCode()" because "response" is null
2024-05-23 13:34:19 DEBUG BasicClientConnectionManager:161 - Get connection for route {s}->https://reqres.in:443
2024-05-23 13:34:19 DEBUG DefaultClientConnection:180 - Connection org.apache.http.impl.conn.DefaultClientConnection@1bc776b7 closed
2024-05-23 13:34:19 DEBUG DefaultClientConnection:164 - Connection org.apache.http.impl.conn.DefaultClientConnection@1bc776b7 shut down
2024-05-23 13:34:19 DEBUG BasicClientConnectionManager:200 - Releasing connection org.apache.http.impl.conn.ManagedClientConnectionImpl@475646d4
2024-05-23 13:35:53 DEBUG BasicClientConnectionManager:161 - Get connection for route {s}->https://reqres.in:443
2024-05-23 13:35:53 DEBUG DefaultClientConnectionOperator:177 - Connecting to reqres.in:443
2024-05-23 13:35:54 DEBUG RequestAddCookies:123 - CookieSpec selected: ignoreCookies
2024-05-23 13:35:54 DEBUG RequestAuthCache:77 - Auth cache not set in the context
2024-05-23 13:35:54 DEBUG RequestTargetAuthentication:80 - Target auth state: UNCHALLENGED
2024-05-23 13:35:54 DEBUG RequestProxyAuthentication:89 - Proxy auth state: UNCHALLENGED
2024-05-23 13:35:54 DEBUG DefaultHttpClient:677 - Attempt 1 to execute request
2024-05-23 13:35:54 DEBUG DefaultClientConnection:274 - Sending request: GET /api/users?page=2 HTTP/1.1
2024-05-23 13:35:54 DEBUG wire:73 -  >> "GET /api/users?page=2 HTTP/1.1[\r][\n]"
2024-05-23 13:35:54 DEBUG wire:73 -  >> "Accept: */*[\r][\n]"
2024-05-23 13:35:54 DEBUG wire:73 -  >> "Host: reqres.in[\r][\n]"
2024-05-23 13:35:54 DEBUG wire:73 -  >> "Connection: Keep-Alive[\r][\n]"
2024-05-23 13:35:54 DEBUG wire:73 -  >> "User-Agent: Apache-HttpClient/4.5.13 (Java/17.0.6)[\r][\n]"
2024-05-23 13:35:54 DEBUG wire:73 -  >> "Accept-Encoding: gzip,deflate[\r][\n]"
2024-05-23 13:35:54 DEBUG wire:73 -  >> "[\r][\n]"
2024-05-23 13:35:54 DEBUG headers:278 - >> GET /api/users?page=2 HTTP/1.1
2024-05-23 13:35:54 DEBUG headers:281 - >> Accept: */*
2024-05-23 13:35:54 DEBUG headers:281 - >> Host: reqres.in
2024-05-23 13:35:54 DEBUG headers:281 - >> Connection: Keep-Alive
2024-05-23 13:35:54 DEBUG headers:281 - >> User-Agent: Apache-HttpClient/4.5.13 (Java/17.0.6)
2024-05-23 13:35:54 DEBUG headers:281 - >> Accept-Encoding: gzip,deflate
2024-05-23 13:35:54 DEBUG wire:73 -  << "HTTP/1.1 200 OK[\r][\n]"
2024-05-23 13:35:54 DEBUG wire:73 -  << "Date: Thu, 23 May 2024 08:05:54 GMT[\r][\n]"
2024-05-23 13:35:54 DEBUG wire:73 -  << "Content-Type: application/json; charset=utf-8[\r][\n]"
2024-05-23 13:35:54 DEBUG wire:73 -  << "Transfer-Encoding: chunked[\r][\n]"
2024-05-23 13:35:54 DEBUG wire:73 -  << "Connection: keep-alive[\r][\n]"
2024-05-23 13:35:54 DEBUG wire:73 -  << "Report-To: {"group":"heroku-nel","max_age":3600,"endpoints":[{"url":"https://nel.heroku.com/reports?ts=1716375388&sid=c4c9725f-1ab0-44d8-820f-430df2718e11&s=xDbSA16CghBOw4nZ%2Bam4fJ%2BaIXmApK1dS7IKfcr4q80%3D"}]}[\r][\n]"
2024-05-23 13:35:54 DEBUG wire:73 -  << "Reporting-Endpoints: heroku-nel=https://nel.heroku.com/reports?ts=1716375388&sid=c4c9725f-1ab0-44d8-820f-430df2718e11&s=xDbSA16CghBOw4nZ%2Bam4fJ%2BaIXmApK1dS7IKfcr4q80%3D[\r][\n]"
2024-05-23 13:35:54 DEBUG wire:73 -  << "Nel: {"report_to":"heroku-nel","max_age":3600,"success_fraction":0.005,"failure_fraction":0.05,"response_headers":["Via"]}[\r][\n]"
2024-05-23 13:35:54 DEBUG wire:73 -  << "X-Powered-By: Express[\r][\n]"
2024-05-23 13:35:54 DEBUG wire:73 -  << "Access-Control-Allow-Origin: *[\r][\n]"
2024-05-23 13:35:54 DEBUG wire:73 -  << "Etag: W/"406-ut0vzoCuidvyMf8arZpMpJ6ZRDw"[\r][\n]"
2024-05-23 13:35:54 DEBUG wire:73 -  << "Via: 1.1 vegur[\r][\n]"
2024-05-23 13:35:54 DEBUG wire:73 -  << "Cache-Control: max-age=14400[\r][\n]"
2024-05-23 13:35:54 DEBUG wire:73 -  << "CF-Cache-Status: HIT[\r][\n]"
2024-05-23 13:35:54 DEBUG wire:73 -  << "Age: 3898[\r][\n]"
2024-05-23 13:35:54 DEBUG wire:73 -  << "Vary: Accept-Encoding[\r][\n]"
2024-05-23 13:35:54 DEBUG wire:73 -  << "Server: cloudflare[\r][\n]"
2024-05-23 13:35:54 DEBUG wire:73 -  << "CF-RAY: 88838b24ad9b4226-BOM[\r][\n]"
2024-05-23 13:35:54 DEBUG wire:73 -  << "Content-Encoding: gzip[\r][\n]"
2024-05-23 13:35:54 DEBUG wire:73 -  << "[\r][\n]"
2024-05-23 13:35:54 DEBUG DefaultClientConnection:259 - Receiving response: HTTP/1.1 200 OK
2024-05-23 13:35:54 DEBUG headers:262 - << HTTP/1.1 200 OK
2024-05-23 13:35:54 DEBUG headers:265 - << Date: Thu, 23 May 2024 08:05:54 GMT
2024-05-23 13:35:54 DEBUG headers:265 - << Content-Type: application/json; charset=utf-8
2024-05-23 13:35:54 DEBUG headers:265 - << Transfer-Encoding: chunked
2024-05-23 13:35:54 DEBUG headers:265 - << Connection: keep-alive
2024-05-23 13:35:54 DEBUG headers:265 - << Report-To: {"group":"heroku-nel","max_age":3600,"endpoints":[{"url":"https://nel.heroku.com/reports?ts=1716375388&sid=c4c9725f-1ab0-44d8-820f-430df2718e11&s=xDbSA16CghBOw4nZ%2Bam4fJ%2BaIXmApK1dS7IKfcr4q80%3D"}]}
2024-05-23 13:35:54 DEBUG headers:265 - << Reporting-Endpoints: heroku-nel=https://nel.heroku.com/reports?ts=1716375388&sid=c4c9725f-1ab0-44d8-820f-430df2718e11&s=xDbSA16CghBOw4nZ%2Bam4fJ%2BaIXmApK1dS7IKfcr4q80%3D
2024-05-23 13:35:54 DEBUG headers:265 - << Nel: {"report_to":"heroku-nel","max_age":3600,"success_fraction":0.005,"failure_fraction":0.05,"response_headers":["Via"]}
2024-05-23 13:35:54 DEBUG headers:265 - << X-Powered-By: Express
2024-05-23 13:35:54 DEBUG headers:265 - << Access-Control-Allow-Origin: *
2024-05-23 13:35:54 DEBUG headers:265 - << Etag: W/"406-ut0vzoCuidvyMf8arZpMpJ6ZRDw"
2024-05-23 13:35:54 DEBUG headers:265 - << Via: 1.1 vegur
2024-05-23 13:35:54 DEBUG headers:265 - << Cache-Control: max-age=14400
2024-05-23 13:35:54 DEBUG headers:265 - << CF-Cache-Status: HIT
2024-05-23 13:35:54 DEBUG headers:265 - << Age: 3898
2024-05-23 13:35:54 DEBUG headers:265 - << Vary: Accept-Encoding
2024-05-23 13:35:54 DEBUG headers:265 - << Server: cloudflare
2024-05-23 13:35:54 DEBUG headers:265 - << CF-RAY: 88838b24ad9b4226-BOM
2024-05-23 13:35:54 DEBUG headers:265 - << Content-Encoding: gzip
2024-05-23 13:35:54 DEBUG DefaultHttpClient:504 - Connection can be kept alive indefinitely
2024-05-23 13:35:54 DEBUG RestAssuredHttpBuilder:553 - Parsing response as: application/json; charset=utf-8
2024-05-23 13:35:54 DEBUG wire:73 -  << "17b[\r][\n]"
2024-05-23 13:35:54 DEBUG wire:73 -  << "[0x1f][0x8b][0x8][0x0][0x0][0x0][0x0][0x0][0x0][0x3][0x8d][0xd2][0xcd]n[0xa3]0[0x14][0x86][0xe1][q[0xcf]l](Y[0xf4][0xc7][0xab][0xaa][0xd2][0xcc]t[0xd1]n[0xa2][0xd9]U[0xa3][0xea][0x4][0xe][0xe0][0xd6][0xd8][0xee][0xb1]i[0xa6][0x8a]r[0xef]UM4T[0x88]D[0xec][0x0][0xbf][0x1f]z[0x84][0xd8][0x81][0xc7][0x86]@[0xad]$x[0xe2][0xe7][0xe1][0xe6]RBt[0x11][\r][0xa8]bu[0xb8]L'!u[0x15]F[0x4][0xf5][0xb4][0x3]][0x81][0xba][0x92]@[0x1d]j[0x3][\n]"
2024-05-23 13:35:54 DEBUG wire:73 -  << ":][0xb6]H&3[0xb8][\r][0xce][0xde]2[0xbd]1[0x85]L[[0x90]Pk[0xe][0xf1][0xd9]bG[0xa0][0xe0]q[0xe8]@[0x82][0xc1][0xf1][0xe9]CZ[0x81][0x4]|[0xc7][0x88][0xc][\n]"
2024-05-23 13:35:54 DEBUG wire:87 -  << "[0xda][0x18]}Py[0xfe][0xff]E[0xb9][0xee][0x9a][0xbc][0xc6][0x92]B~u[0xae];l({[0xf1][\r][0xec][0xe5]@[0xb9][0x1e])F[0xdb]*[0xe0]GV[0x13]7[0xfd]I[0xcc][0xc3]PN0[0xbf][0xe][0xbb][0xa5][0x9c][0xeb][0x19][0xce][0xcd][0xc8][0x89]n[0xa3]1duo_[0xe9]8[0xe5]O[0xaa][0xa6][0x92][0xaf][0xcd]R[0xc6][0xcd][0xc][0xa3][0xb8][0x18][0x1d][0x9b][0xf]v6[0xab]5[0x99]*[0x1c]w[0xdc]}USF[0xda],u[0x14][0x17]s[0x90]b[0x84]4[0xe4][0xb8][0xa1][0x8c][0xaa]-[0xf2])[0xca][0xef][0xd4]M,?[0x87][0xd5]bL1[0x87]Y[0x8d][0x18][0xc6][0xb2]%[0x93][0xb5]nK[0xc6][0x1c][0xb7][0xac]S6[0xb1][0xdc][0xa7][0xd1]b[0xca][0xea];[0xe5][0xaf][0x84][0xd0]{[0xef]8[0x82][0xda]A[0xcf]fv[0xfd][0xe3][0xd0][0x9c][0xb7][0x84][0x95][0xb6][\r]H[0x88][0xf4]/[0xa6][0xff]E[0xbc][0x12]y[0xb1][0xa6][0xb7]5[0x5]Q3[0x91][0x14][0xa5][0xb3][0x91][0xf5][0xa6][0x8f][0xda][0xd9] [0xa2]K[0x9f]J[0x4][0xe2]wbQ[0xba][0x10][0x83]@&[0x81][0xde]3[0x95][0x1a]#Ug[0xb0][0xdf][0x2][0xf6][0x16][0x88]W[0x6][0x4][0x0][0x0]"
2024-05-23 13:35:54 DEBUG wire:73 -  << "[\r][\n]"
2024-05-23 13:35:54 DEBUG wire:73 -  << "0[\r][\n]"
2024-05-23 13:35:54 DEBUG wire:73 -  << "[\r][\n]"
2024-05-23 13:35:54 DEBUG RestAssuredHttpBuilder:556 - Parsed data to instance of: class org.apache.http.conn.EofSensorInputStream
2024-05-23 13:35:54 DEBUG BasicClientConnectionManager:200 - Releasing connection org.apache.http.impl.conn.ManagedClientConnectionImpl@3c3820bb
2024-05-23 13:35:54 DEBUG BasicClientConnectionManager:225 - Connection can be kept alive indefinitely
2024-05-23 13:35:54 DEBUG GetRequest:28 - 200
2024-05-23 13:35:54 DEBUG GetRequest:36 - 200
2024-05-23 13:35:54 DEBUG BasicClientConnectionManager:161 - Get connection for route {s}->https://reqres.in:443
2024-05-23 13:35:54 DEBUG DefaultClientConnectionOperator:177 - Connecting to reqres.in:443
2024-05-23 13:35:54 DEBUG RequestAddCookies:123 - CookieSpec selected: ignoreCookies
2024-05-23 13:35:54 DEBUG RequestAuthCache:77 - Auth cache not set in the context
2024-05-23 13:35:54 DEBUG RequestTargetAuthentication:80 - Target auth state: UNCHALLENGED
2024-05-23 13:35:54 DEBUG RequestProxyAuthentication:89 - Proxy auth state: UNCHALLENGED
2024-05-23 13:35:54 DEBUG DefaultHttpClient:677 - Attempt 1 to execute request
2024-05-23 13:35:54 DEBUG DefaultClientConnection:274 - Sending request: POST /api/users HTTP/1.1
2024-05-23 13:35:54 DEBUG wire:73 -  >> "POST /api/users HTTP/1.1[\r][\n]"
2024-05-23 13:35:54 DEBUG wire:73 -  >> "Accept: */*[\r][\n]"
2024-05-23 13:35:54 DEBUG wire:73 -  >> "Content-Type: text/plain; charset=ISO-8859-1[\r][\n]"
2024-05-23 13:35:54 DEBUG wire:73 -  >> "Content-Length: 39[\r][\n]"
2024-05-23 13:35:54 DEBUG wire:73 -  >> "Host: reqres.in[\r][\n]"
2024-05-23 13:35:54 DEBUG wire:73 -  >> "Connection: Keep-Alive[\r][\n]"
2024-05-23 13:35:54 DEBUG wire:73 -  >> "User-Agent: Apache-HttpClient/4.5.13 (Java/17.0.6)[\r][\n]"
2024-05-23 13:35:54 DEBUG wire:73 -  >> "Accept-Encoding: gzip,deflate[\r][\n]"
2024-05-23 13:35:54 DEBUG wire:73 -  >> "[\r][\n]"
2024-05-23 13:35:54 DEBUG headers:278 - >> POST /api/users HTTP/1.1
2024-05-23 13:35:54 DEBUG headers:281 - >> Accept: */*
2024-05-23 13:35:54 DEBUG headers:281 - >> Content-Type: text/plain; charset=ISO-8859-1
2024-05-23 13:35:54 DEBUG headers:281 - >> Content-Length: 39
2024-05-23 13:35:54 DEBUG headers:281 - >> Host: reqres.in
2024-05-23 13:35:54 DEBUG headers:281 - >> Connection: Keep-Alive
2024-05-23 13:35:54 DEBUG headers:281 - >> User-Agent: Apache-HttpClient/4.5.13 (Java/17.0.6)
2024-05-23 13:35:54 DEBUG headers:281 - >> Accept-Encoding: gzip,deflate
2024-05-23 13:35:54 DEBUG wire:73 -  >> ""name": "ayush",[\r][\n]"
2024-05-23 13:35:54 DEBUG wire:87 -  >> "    "job": "producer""
2024-05-23 13:35:55 DEBUG wire:73 -  << "HTTP/1.1 201 Created[\r][\n]"
2024-05-23 13:35:55 DEBUG wire:73 -  << "Date: Thu, 23 May 2024 08:05:54 GMT[\r][\n]"
2024-05-23 13:35:55 DEBUG wire:73 -  << "Content-Type: application/json; charset=utf-8[\r][\n]"
2024-05-23 13:35:55 DEBUG wire:73 -  << "Content-Length: 51[\r][\n]"
2024-05-23 13:35:55 DEBUG wire:73 -  << "Connection: keep-alive[\r][\n]"
2024-05-23 13:35:55 DEBUG wire:73 -  << "Report-To: {"group":"heroku-nel","max_age":3600,"endpoints":[{"url":"https://nel.heroku.com/reports?ts=1716451554&sid=c4c9725f-1ab0-44d8-820f-430df2718e11&s=6k1M%2FLoyA9T%2By2VBjlc7TBBi1VhK7PtQ1DY0HyujdC0%3D"}]}[\r][\n]"
2024-05-23 13:35:55 DEBUG wire:73 -  << "Reporting-Endpoints: heroku-nel=https://nel.heroku.com/reports?ts=1716451554&sid=c4c9725f-1ab0-44d8-820f-430df2718e11&s=6k1M%2FLoyA9T%2By2VBjlc7TBBi1VhK7PtQ1DY0HyujdC0%3D[\r][\n]"
2024-05-23 13:35:55 DEBUG wire:73 -  << "Nel: {"report_to":"heroku-nel","max_age":3600,"success_fraction":0.005,"failure_fraction":0.05,"response_headers":["Via"]}[\r][\n]"
2024-05-23 13:35:55 DEBUG wire:73 -  << "X-Powered-By: Express[\r][\n]"
2024-05-23 13:35:55 DEBUG wire:73 -  << "Access-Control-Allow-Origin: *[\r][\n]"
2024-05-23 13:35:55 DEBUG wire:73 -  << "Etag: W/"33-ga00j3rNHbimzcI6+Ltus8lF0NQ"[\r][\n]"
2024-05-23 13:35:55 DEBUG wire:73 -  << "Via: 1.1 vegur[\r][\n]"
2024-05-23 13:35:55 DEBUG wire:73 -  << "CF-Cache-Status: DYNAMIC[\r][\n]"
2024-05-23 13:35:55 DEBUG wire:73 -  << "Server: cloudflare[\r][\n]"
2024-05-23 13:35:55 DEBUG wire:73 -  << "CF-RAY: 88838b270ed7849b-BOM[\r][\n]"
2024-05-23 13:35:55 DEBUG wire:73 -  << "[\r][\n]"
2024-05-23 13:35:55 DEBUG DefaultClientConnection:259 - Receiving response: HTTP/1.1 201 Created
2024-05-23 13:35:55 DEBUG headers:262 - << HTTP/1.1 201 Created
2024-05-23 13:35:55 DEBUG headers:265 - << Date: Thu, 23 May 2024 08:05:54 GMT
2024-05-23 13:35:55 DEBUG headers:265 - << Content-Type: application/json; charset=utf-8
2024-05-23 13:35:55 DEBUG headers:265 - << Content-Length: 51
2024-05-23 13:35:55 DEBUG headers:265 - << Connection: keep-alive
2024-05-23 13:35:55 DEBUG headers:265 - << Report-To: {"group":"heroku-nel","max_age":3600,"endpoints":[{"url":"https://nel.heroku.com/reports?ts=1716451554&sid=c4c9725f-1ab0-44d8-820f-430df2718e11&s=6k1M%2FLoyA9T%2By2VBjlc7TBBi1VhK7PtQ1DY0HyujdC0%3D"}]}
2024-05-23 13:35:55 DEBUG headers:265 - << Reporting-Endpoints: heroku-nel=https://nel.heroku.com/reports?ts=1716451554&sid=c4c9725f-1ab0-44d8-820f-430df2718e11&s=6k1M%2FLoyA9T%2By2VBjlc7TBBi1VhK7PtQ1DY0HyujdC0%3D
2024-05-23 13:35:55 DEBUG headers:265 - << Nel: {"report_to":"heroku-nel","max_age":3600,"success_fraction":0.005,"failure_fraction":0.05,"response_headers":["Via"]}
2024-05-23 13:35:55 DEBUG headers:265 - << X-Powered-By: Express
2024-05-23 13:35:55 DEBUG headers:265 - << Access-Control-Allow-Origin: *
2024-05-23 13:35:55 DEBUG headers:265 - << Etag: W/"33-ga00j3rNHbimzcI6+Ltus8lF0NQ"
2024-05-23 13:35:55 DEBUG headers:265 - << Via: 1.1 vegur
2024-05-23 13:35:55 DEBUG headers:265 - << CF-Cache-Status: DYNAMIC
2024-05-23 13:35:55 DEBUG headers:265 - << Server: cloudflare
2024-05-23 13:35:55 DEBUG headers:265 - << CF-RAY: 88838b270ed7849b-BOM
2024-05-23 13:35:55 DEBUG DefaultHttpClient:504 - Connection can be kept alive indefinitely
2024-05-23 13:35:55 DEBUG RestAssuredHttpBuilder:553 - Parsing response as: application/json; charset=utf-8
2024-05-23 13:35:55 DEBUG RestAssuredHttpBuilder:556 - Parsed data to instance of: class org.apache.http.conn.EofSensorInputStream
2024-05-23 13:35:55 DEBUG wire:87 -  << "{"id":"212","createdAt":"2024-05-23T08:05:54.606Z"}"
2024-05-23 13:35:55 DEBUG BasicClientConnectionManager:200 - Releasing connection org.apache.http.impl.conn.ManagedClientConnectionImpl@3c50ad4b
2024-05-23 13:35:55 DEBUG BasicClientConnectionManager:225 - Connection can be kept alive indefinitely
2024-05-23 13:35:55 INFO  GetRequest:64 - 201
